[2023-09-21T12:18:45.373+0000] {taskinstance.py:1157} INFO - Dependencies all met for dep_context=non-requeueable deps ti=<TaskInstance: scraping_dag_v2.get_properties scheduled__2023-09-18T00:00:00+00:00 [queued]>
[2023-09-21T12:18:45.382+0000] {taskinstance.py:1157} INFO - Dependencies all met for dep_context=requeueable deps ti=<TaskInstance: scraping_dag_v2.get_properties scheduled__2023-09-18T00:00:00+00:00 [queued]>
[2023-09-21T12:18:45.384+0000] {taskinstance.py:1359} INFO - Starting attempt 1 of 1
[2023-09-21T12:18:45.396+0000] {taskinstance.py:1380} INFO - Executing <Task(PythonOperator): get_properties> on 2023-09-18 00:00:00+00:00
[2023-09-21T12:18:45.403+0000] {standard_task_runner.py:57} INFO - Started process 10534 to run task
[2023-09-21T12:18:45.408+0000] {standard_task_runner.py:84} INFO - Running: ['***', 'tasks', 'run', 'scraping_dag_v2', 'get_properties', 'scheduled__2023-09-18T00:00:00+00:00', '--job-id', '45', '--raw', '--subdir', 'DAGS_FOLDER/scraping_dag.py', '--cfg-path', '/tmp/tmpq83or_ha']
[2023-09-21T12:18:45.412+0000] {standard_task_runner.py:85} INFO - Job 45: Subtask get_properties
[2023-09-21T12:18:45.469+0000] {task_command.py:415} INFO - Running <TaskInstance: scraping_dag_v2.get_properties scheduled__2023-09-18T00:00:00+00:00 [running]> on host c14470e00ccc
[2023-09-21T12:18:45.546+0000] {taskinstance.py:1660} INFO - Exporting env vars: AIRFLOW_CTX_DAG_OWNER='felicien' AIRFLOW_CTX_DAG_ID='scraping_dag_v2' AIRFLOW_CTX_TASK_ID='get_properties' AIRFLOW_CTX_EXECUTION_DATE='2023-09-18T00:00:00+00:00' AIRFLOW_CTX_TRY_NUMBER='1' AIRFLOW_CTX_DAG_RUN_ID='scheduled__2023-09-18T00:00:00+00:00'
[2023-09-21T12:18:52.790+0000] {logging_mixin.py:151} INFO - Time taken to scrape listings: 7.241893s
[2023-09-21T12:18:52.792+0000] {python.py:194} INFO - Done. Returned value was: None
[2023-09-21T12:18:52.817+0000] {taskinstance.py:1398} INFO - Marking task as SUCCESS. dag_id=scraping_dag_v2, task_id=get_properties, execution_date=20230918T000000, start_date=20230921T121845, end_date=20230921T121852
[2023-09-21T12:18:52.926+0000] {local_task_job_runner.py:228} INFO - Task exited with return code 0
[2023-09-21T12:18:52.962+0000] {taskinstance.py:2776} INFO - 1 downstream tasks scheduled from follow-on schedule check
[2023-09-21T13:42:53.214+0000] {taskinstance.py:1157} INFO - Dependencies all met for dep_context=non-requeueable deps ti=<TaskInstance: scraping_dag_v2.get_properties scheduled__2023-09-18T00:00:00+00:00 [queued]>
[2023-09-21T13:42:53.244+0000] {taskinstance.py:1157} INFO - Dependencies all met for dep_context=requeueable deps ti=<TaskInstance: scraping_dag_v2.get_properties scheduled__2023-09-18T00:00:00+00:00 [queued]>
[2023-09-21T13:42:53.249+0000] {taskinstance.py:1359} INFO - Starting attempt 1 of 1
[2023-09-21T13:42:53.291+0000] {taskinstance.py:1380} INFO - Executing <Task(PythonOperator): get_properties> on 2023-09-18 00:00:00+00:00
[2023-09-21T13:42:53.348+0000] {standard_task_runner.py:57} INFO - Started process 15568 to run task
[2023-09-21T13:42:53.383+0000] {standard_task_runner.py:84} INFO - Running: ['***', 'tasks', 'run', 'scraping_dag_v2', 'get_properties', 'scheduled__2023-09-18T00:00:00+00:00', '--job-id', '159', '--raw', '--subdir', 'DAGS_FOLDER/scraping_dag.py', '--cfg-path', '/tmp/tmpxkw8pmvu']
[2023-09-21T13:42:53.424+0000] {standard_task_runner.py:85} INFO - Job 159: Subtask get_properties
[2023-09-21T13:42:53.822+0000] {task_command.py:415} INFO - Running <TaskInstance: scraping_dag_v2.get_properties scheduled__2023-09-18T00:00:00+00:00 [running]> on host c14470e00ccc
[2023-09-21T13:42:54.557+0000] {taskinstance.py:1660} INFO - Exporting env vars: AIRFLOW_CTX_DAG_OWNER='felicien' AIRFLOW_CTX_DAG_ID='scraping_dag_v2' AIRFLOW_CTX_TASK_ID='get_properties' AIRFLOW_CTX_EXECUTION_DATE='2023-09-18T00:00:00+00:00' AIRFLOW_CTX_TRY_NUMBER='1' AIRFLOW_CTX_DAG_RUN_ID='scheduled__2023-09-18T00:00:00+00:00'
[2023-09-21T13:43:11.418+0000] {logging_mixin.py:151} INFO - Time taken to scrape listings: 16.849025s
[2023-09-21T13:43:11.427+0000] {python.py:194} INFO - Done. Returned value was: None
[2023-09-21T13:43:11.482+0000] {taskinstance.py:1398} INFO - Marking task as SUCCESS. dag_id=scraping_dag_v2, task_id=get_properties, execution_date=20230918T000000, start_date=20230921T134253, end_date=20230921T134311
[2023-09-21T13:43:11.658+0000] {local_task_job_runner.py:228} INFO - Task exited with return code 0
[2023-09-21T13:43:11.778+0000] {taskinstance.py:2776} INFO - 1 downstream tasks scheduled from follow-on schedule check
