[2023-09-21T14:23:55.417+0000] {processor.py:157} INFO - Started process (PID=874) to work on /opt/airflow/dags/training_dag.py
[2023-09-21T14:23:55.418+0000] {processor.py:829} INFO - Processing file /opt/airflow/dags/training_dag.py for tasks to queue
[2023-09-21T14:23:55.421+0000] {logging_mixin.py:151} INFO - [2023-09-21T14:23:55.420+0000] {dagbag.py:539} INFO - Filling up the DagBag from /opt/airflow/dags/training_dag.py
[2023-09-21T14:23:55.815+0000] {processor.py:839} INFO - DAG(s) dict_keys(['cleaning_dag']) retrieved from /opt/airflow/dags/training_dag.py
[2023-09-21T14:23:55.960+0000] {logging_mixin.py:151} INFO - [2023-09-21T14:23:55.959+0000] {security.py:708} INFO - Not syncing DAG-level permissions for DAG 'DAG:cleaning_dag' as access control is unset.
[2023-09-21T14:23:55.961+0000] {logging_mixin.py:151} INFO - [2023-09-21T14:23:55.961+0000] {dag.py:2915} INFO - Sync 1 DAGs
[2023-09-21T14:23:55.983+0000] {logging_mixin.py:151} INFO - [2023-09-21T14:23:55.983+0000] {dag.py:3696} INFO - Setting next_dagrun for cleaning_dag to None, run_after=None
[2023-09-21T14:23:56.003+0000] {processor.py:179} INFO - Processing /opt/airflow/dags/training_dag.py took 0.590 seconds
[2023-09-21T14:24:26.195+0000] {processor.py:157} INFO - Started process (PID=904) to work on /opt/airflow/dags/training_dag.py
[2023-09-21T14:24:26.198+0000] {processor.py:829} INFO - Processing file /opt/airflow/dags/training_dag.py for tasks to queue
[2023-09-21T14:24:26.201+0000] {logging_mixin.py:151} INFO - [2023-09-21T14:24:26.200+0000] {dagbag.py:539} INFO - Filling up the DagBag from /opt/airflow/dags/training_dag.py
[2023-09-21T14:24:26.635+0000] {processor.py:839} INFO - DAG(s) dict_keys(['cleaning_dag']) retrieved from /opt/airflow/dags/training_dag.py
[2023-09-21T14:24:26.798+0000] {logging_mixin.py:151} INFO - [2023-09-21T14:24:26.797+0000] {dag.py:2915} INFO - Sync 1 DAGs
[2023-09-21T14:24:26.844+0000] {logging_mixin.py:151} INFO - [2023-09-21T14:24:26.843+0000] {dag.py:3696} INFO - Setting next_dagrun for cleaning_dag to None, run_after=None
[2023-09-21T14:24:26.864+0000] {processor.py:179} INFO - Processing /opt/airflow/dags/training_dag.py took 0.674 seconds
[2023-09-21T14:24:57.088+0000] {processor.py:157} INFO - Started process (PID=933) to work on /opt/airflow/dags/training_dag.py
[2023-09-21T14:24:57.096+0000] {processor.py:829} INFO - Processing file /opt/airflow/dags/training_dag.py for tasks to queue
[2023-09-21T14:24:57.132+0000] {logging_mixin.py:151} INFO - [2023-09-21T14:24:57.130+0000] {dagbag.py:539} INFO - Filling up the DagBag from /opt/airflow/dags/training_dag.py
[2023-09-21T14:24:57.814+0000] {processor.py:839} INFO - DAG(s) dict_keys(['cleaning_dag']) retrieved from /opt/airflow/dags/training_dag.py
[2023-09-21T14:24:57.835+0000] {logging_mixin.py:151} INFO - [2023-09-21T14:24:57.834+0000] {dag.py:2915} INFO - Sync 1 DAGs
[2023-09-21T14:24:57.857+0000] {logging_mixin.py:151} INFO - [2023-09-21T14:24:57.857+0000] {dag.py:3696} INFO - Setting next_dagrun for cleaning_dag to None, run_after=None
[2023-09-21T14:24:57.871+0000] {processor.py:179} INFO - Processing /opt/airflow/dags/training_dag.py took 0.799 seconds
[2023-09-21T14:25:13.121+0000] {processor.py:157} INFO - Started process (PID=963) to work on /opt/airflow/dags/training_dag.py
[2023-09-21T14:25:13.123+0000] {processor.py:829} INFO - Processing file /opt/airflow/dags/training_dag.py for tasks to queue
[2023-09-21T14:25:13.125+0000] {logging_mixin.py:151} INFO - [2023-09-21T14:25:13.125+0000] {dagbag.py:539} INFO - Filling up the DagBag from /opt/airflow/dags/training_dag.py
[2023-09-21T14:25:13.133+0000] {logging_mixin.py:151} INFO - [2023-09-21T14:25:13.131+0000] {dagbag.py:347} ERROR - Failed to import: /opt/airflow/dags/training_dag.py
Traceback (most recent call last):
  File "/home/airflow/.local/lib/python3.8/site-packages/airflow/models/dagbag.py", line 343, in parse
    loader.exec_module(new_module)
  File "<frozen importlib._bootstrap_external>", line 839, in exec_module
  File "<frozen importlib._bootstrap_external>", line 976, in get_code
  File "<frozen importlib._bootstrap_external>", line 906, in source_to_code
  File "<frozen importlib._bootstrap>", line 219, in _call_with_frames_removed
  File "/opt/airflow/dags/training_dag.py", line 27
    dag_idning_dag',
                   ^
SyntaxError: EOL while scanning string literal
[2023-09-21T14:25:13.134+0000] {processor.py:841} WARNING - No viable dags retrieved from /opt/airflow/dags/training_dag.py
[2023-09-21T14:25:13.161+0000] {processor.py:179} INFO - Processing /opt/airflow/dags/training_dag.py took 0.045 seconds
[2023-09-21T14:25:18.253+0000] {processor.py:157} INFO - Started process (PID=968) to work on /opt/airflow/dags/training_dag.py
[2023-09-21T14:25:18.256+0000] {processor.py:829} INFO - Processing file /opt/airflow/dags/training_dag.py for tasks to queue
[2023-09-21T14:25:18.258+0000] {logging_mixin.py:151} INFO - [2023-09-21T14:25:18.257+0000] {dagbag.py:539} INFO - Filling up the DagBag from /opt/airflow/dags/training_dag.py
[2023-09-21T14:25:18.620+0000] {processor.py:839} INFO - DAG(s) dict_keys(['training_dag']) retrieved from /opt/airflow/dags/training_dag.py
[2023-09-21T14:25:18.746+0000] {logging_mixin.py:151} INFO - [2023-09-21T14:25:18.746+0000] {manager.py:499} INFO - Created Permission View: %s
[2023-09-21T14:25:18.755+0000] {logging_mixin.py:151} INFO - [2023-09-21T14:25:18.755+0000] {manager.py:499} INFO - Created Permission View: %s
[2023-09-21T14:25:18.762+0000] {logging_mixin.py:151} INFO - [2023-09-21T14:25:18.762+0000] {manager.py:499} INFO - Created Permission View: %s
[2023-09-21T14:25:18.764+0000] {logging_mixin.py:151} INFO - [2023-09-21T14:25:18.763+0000] {security.py:708} INFO - Not syncing DAG-level permissions for DAG 'DAG:training_dag' as access control is unset.
[2023-09-21T14:25:18.764+0000] {logging_mixin.py:151} INFO - [2023-09-21T14:25:18.764+0000] {dag.py:2915} INFO - Sync 1 DAGs
[2023-09-21T14:25:18.776+0000] {logging_mixin.py:151} INFO - [2023-09-21T14:25:18.776+0000] {dag.py:2937} INFO - Creating ORM DAG for training_dag
[2023-09-21T14:25:18.788+0000] {logging_mixin.py:151} INFO - [2023-09-21T14:25:18.788+0000] {dag.py:3696} INFO - Setting next_dagrun for training_dag to 2023-09-18T00:00:00+00:00, run_after=2023-09-18T00:00:00+00:00
[2023-09-21T14:25:18.803+0000] {processor.py:179} INFO - Processing /opt/airflow/dags/training_dag.py took 0.556 seconds
[2023-09-21T14:25:40.692+0000] {processor.py:157} INFO - Started process (PID=999) to work on /opt/airflow/dags/training_dag.py
[2023-09-21T14:25:40.695+0000] {processor.py:829} INFO - Processing file /opt/airflow/dags/training_dag.py for tasks to queue
[2023-09-21T14:25:40.697+0000] {logging_mixin.py:151} INFO - [2023-09-21T14:25:40.696+0000] {dagbag.py:539} INFO - Filling up the DagBag from /opt/airflow/dags/training_dag.py
[2023-09-21T14:25:40.999+0000] {processor.py:839} INFO - DAG(s) dict_keys(['training_dag']) retrieved from /opt/airflow/dags/training_dag.py
[2023-09-21T14:25:41.016+0000] {logging_mixin.py:151} INFO - [2023-09-21T14:25:41.015+0000] {dag.py:2915} INFO - Sync 1 DAGs
[2023-09-21T14:25:41.035+0000] {logging_mixin.py:151} INFO - [2023-09-21T14:25:41.035+0000] {dag.py:3696} INFO - Setting next_dagrun for training_dag to 2023-09-18T00:00:00+00:00, run_after=2023-09-18T00:00:00+00:00
[2023-09-21T14:25:41.058+0000] {processor.py:179} INFO - Processing /opt/airflow/dags/training_dag.py took 0.371 seconds
[2023-09-21T14:26:03.308+0000] {processor.py:157} INFO - Started process (PID=1005) to work on /opt/airflow/dags/training_dag.py
[2023-09-21T14:26:03.311+0000] {processor.py:829} INFO - Processing file /opt/airflow/dags/training_dag.py for tasks to queue
[2023-09-21T14:26:03.316+0000] {logging_mixin.py:151} INFO - [2023-09-21T14:26:03.314+0000] {dagbag.py:539} INFO - Filling up the DagBag from /opt/airflow/dags/training_dag.py
[2023-09-21T14:26:03.699+0000] {processor.py:839} INFO - DAG(s) dict_keys(['training_dag']) retrieved from /opt/airflow/dags/training_dag.py
[2023-09-21T14:26:03.820+0000] {logging_mixin.py:151} INFO - [2023-09-21T14:26:03.819+0000] {security.py:708} INFO - Not syncing DAG-level permissions for DAG 'DAG:training_dag' as access control is unset.
[2023-09-21T14:26:03.822+0000] {logging_mixin.py:151} INFO - [2023-09-21T14:26:03.821+0000] {dag.py:2915} INFO - Sync 1 DAGs
[2023-09-21T14:26:03.853+0000] {logging_mixin.py:151} INFO - [2023-09-21T14:26:03.853+0000] {dag.py:3696} INFO - Setting next_dagrun for training_dag to 2023-09-18T00:00:00+00:00, run_after=2023-09-18T00:00:00+00:00
[2023-09-21T14:26:03.877+0000] {processor.py:179} INFO - Processing /opt/airflow/dags/training_dag.py took 0.575 seconds
[2023-09-21T14:26:15.622+0000] {processor.py:157} INFO - Started process (PID=1035) to work on /opt/airflow/dags/training_dag.py
[2023-09-21T14:26:15.625+0000] {processor.py:829} INFO - Processing file /opt/airflow/dags/training_dag.py for tasks to queue
[2023-09-21T14:26:15.626+0000] {logging_mixin.py:151} INFO - [2023-09-21T14:26:15.626+0000] {dagbag.py:539} INFO - Filling up the DagBag from /opt/airflow/dags/training_dag.py
[2023-09-21T14:26:15.647+0000] {logging_mixin.py:151} INFO - [2023-09-21T14:26:15.644+0000] {dagbag.py:347} ERROR - Failed to import: /opt/airflow/dags/training_dag.py
Traceback (most recent call last):
  File "/home/airflow/.local/lib/python3.8/site-packages/airflow/models/dagbag.py", line 343, in parse
    loader.exec_module(new_module)
  File "<frozen importlib._bootstrap_external>", line 843, in exec_module
  File "<frozen importlib._bootstrap>", line 219, in _call_with_frames_removed
  File "/opt/airflow/dags/training_dag.py", line 7, in <module>
    from src.cleaning.tr import clean_data
ModuleNotFoundError: No module named 'src.cleaning.tr'
[2023-09-21T14:26:15.648+0000] {processor.py:841} WARNING - No viable dags retrieved from /opt/airflow/dags/training_dag.py
[2023-09-21T14:26:15.696+0000] {processor.py:179} INFO - Processing /opt/airflow/dags/training_dag.py took 0.079 seconds
[2023-09-21T14:26:19.673+0000] {processor.py:157} INFO - Started process (PID=1040) to work on /opt/airflow/dags/training_dag.py
[2023-09-21T14:26:19.675+0000] {processor.py:829} INFO - Processing file /opt/airflow/dags/training_dag.py for tasks to queue
[2023-09-21T14:26:19.678+0000] {logging_mixin.py:151} INFO - [2023-09-21T14:26:19.677+0000] {dagbag.py:539} INFO - Filling up the DagBag from /opt/airflow/dags/training_dag.py
[2023-09-21T14:26:19.730+0000] {logging_mixin.py:151} INFO - [2023-09-21T14:26:19.725+0000] {dagbag.py:347} ERROR - Failed to import: /opt/airflow/dags/training_dag.py
Traceback (most recent call last):
  File "/home/airflow/.local/lib/python3.8/site-packages/airflow/models/dagbag.py", line 343, in parse
    loader.exec_module(new_module)
  File "<frozen importlib._bootstrap_external>", line 843, in exec_module
  File "<frozen importlib._bootstrap>", line 219, in _call_with_frames_removed
  File "/opt/airflow/dags/training_dag.py", line 7, in <module>
    from src.training import clean_data
ImportError: cannot import name 'clean_data' from 'src.training' (unknown location)
[2023-09-21T14:26:19.732+0000] {processor.py:841} WARNING - No viable dags retrieved from /opt/airflow/dags/training_dag.py
[2023-09-21T14:26:19.764+0000] {processor.py:179} INFO - Processing /opt/airflow/dags/training_dag.py took 0.098 seconds
[2023-09-21T14:26:21.784+0000] {processor.py:157} INFO - Started process (PID=1045) to work on /opt/airflow/dags/training_dag.py
[2023-09-21T14:26:21.786+0000] {processor.py:829} INFO - Processing file /opt/airflow/dags/training_dag.py for tasks to queue
[2023-09-21T14:26:21.787+0000] {logging_mixin.py:151} INFO - [2023-09-21T14:26:21.786+0000] {dagbag.py:539} INFO - Filling up the DagBag from /opt/airflow/dags/training_dag.py
[2023-09-21T14:26:23.067+0000] {logging_mixin.py:151} INFO - [2023-09-21T14:26:23.065+0000] {dagbag.py:347} ERROR - Failed to import: /opt/airflow/dags/training_dag.py
Traceback (most recent call last):
  File "/home/airflow/.local/lib/python3.8/site-packages/airflow/models/dagbag.py", line 343, in parse
    loader.exec_module(new_module)
  File "<frozen importlib._bootstrap_external>", line 843, in exec_module
  File "<frozen importlib._bootstrap>", line 219, in _call_with_frames_removed
  File "/opt/airflow/dags/training_dag.py", line 7, in <module>
    from src.training.training import clean_data
ImportError: cannot import name 'clean_data' from 'src.training.training' (/opt/airflow/dags/src/training/training.py)
[2023-09-21T14:26:23.069+0000] {processor.py:841} WARNING - No viable dags retrieved from /opt/airflow/dags/training_dag.py
[2023-09-21T14:26:23.092+0000] {processor.py:179} INFO - Processing /opt/airflow/dags/training_dag.py took 1.313 seconds
[2023-09-21T14:26:27.882+0000] {processor.py:157} INFO - Started process (PID=1058) to work on /opt/airflow/dags/training_dag.py
[2023-09-21T14:26:27.884+0000] {processor.py:829} INFO - Processing file /opt/airflow/dags/training_dag.py for tasks to queue
[2023-09-21T14:26:27.886+0000] {logging_mixin.py:151} INFO - [2023-09-21T14:26:27.886+0000] {dagbag.py:539} INFO - Filling up the DagBag from /opt/airflow/dags/training_dag.py
[2023-09-21T14:26:28.681+0000] {logging_mixin.py:151} INFO - [2023-09-21T14:26:28.678+0000] {dagbag.py:347} ERROR - Failed to import: /opt/airflow/dags/training_dag.py
Traceback (most recent call last):
  File "/home/airflow/.local/lib/python3.8/site-packages/airflow/models/dagbag.py", line 343, in parse
    loader.exec_module(new_module)
  File "<frozen importlib._bootstrap_external>", line 843, in exec_module
  File "<frozen importlib._bootstrap>", line 219, in _call_with_frames_removed
  File "/opt/airflow/dags/training_dag.py", line 49, in <module>
    python_callable=clean_data,
NameError: name 'clean_data' is not defined
[2023-09-21T14:26:28.682+0000] {processor.py:841} WARNING - No viable dags retrieved from /opt/airflow/dags/training_dag.py
[2023-09-21T14:26:28.704+0000] {processor.py:179} INFO - Processing /opt/airflow/dags/training_dag.py took 0.829 seconds
[2023-09-21T14:26:32.249+0000] {processor.py:157} INFO - Started process (PID=1071) to work on /opt/airflow/dags/training_dag.py
[2023-09-21T14:26:32.251+0000] {processor.py:829} INFO - Processing file /opt/airflow/dags/training_dag.py for tasks to queue
[2023-09-21T14:26:32.253+0000] {logging_mixin.py:151} INFO - [2023-09-21T14:26:32.253+0000] {dagbag.py:539} INFO - Filling up the DagBag from /opt/airflow/dags/training_dag.py
[2023-09-21T14:26:33.133+0000] {processor.py:839} INFO - DAG(s) dict_keys(['training_dag']) retrieved from /opt/airflow/dags/training_dag.py
[2023-09-21T14:26:33.152+0000] {logging_mixin.py:151} INFO - [2023-09-21T14:26:33.152+0000] {dag.py:2915} INFO - Sync 1 DAGs
[2023-09-21T14:26:33.173+0000] {logging_mixin.py:151} INFO - [2023-09-21T14:26:33.173+0000] {dag.py:3696} INFO - Setting next_dagrun for training_dag to 2023-09-18T00:00:00+00:00, run_after=2023-09-18T00:00:00+00:00
[2023-09-21T14:26:33.189+0000] {processor.py:179} INFO - Processing /opt/airflow/dags/training_dag.py took 0.951 seconds
[2023-09-21T14:27:04.099+0000] {processor.py:157} INFO - Started process (PID=1109) to work on /opt/airflow/dags/training_dag.py
[2023-09-21T14:27:04.101+0000] {processor.py:829} INFO - Processing file /opt/airflow/dags/training_dag.py for tasks to queue
[2023-09-21T14:27:04.103+0000] {logging_mixin.py:151} INFO - [2023-09-21T14:27:04.102+0000] {dagbag.py:539} INFO - Filling up the DagBag from /opt/airflow/dags/training_dag.py
[2023-09-21T14:27:05.151+0000] {processor.py:839} INFO - DAG(s) dict_keys(['training_dag']) retrieved from /opt/airflow/dags/training_dag.py
[2023-09-21T14:27:05.177+0000] {logging_mixin.py:151} INFO - [2023-09-21T14:27:05.176+0000] {dag.py:2915} INFO - Sync 1 DAGs
[2023-09-21T14:27:05.196+0000] {logging_mixin.py:151} INFO - [2023-09-21T14:27:05.196+0000] {dag.py:3696} INFO - Setting next_dagrun for training_dag to 2023-09-18T00:00:00+00:00, run_after=2023-09-18T00:00:00+00:00
[2023-09-21T14:27:05.211+0000] {processor.py:179} INFO - Processing /opt/airflow/dags/training_dag.py took 1.118 seconds
[2023-09-21T14:27:06.128+0000] {processor.py:157} INFO - Started process (PID=1122) to work on /opt/airflow/dags/training_dag.py
[2023-09-21T14:27:06.130+0000] {processor.py:829} INFO - Processing file /opt/airflow/dags/training_dag.py for tasks to queue
[2023-09-21T14:27:06.133+0000] {logging_mixin.py:151} INFO - [2023-09-21T14:27:06.132+0000] {dagbag.py:539} INFO - Filling up the DagBag from /opt/airflow/dags/training_dag.py
[2023-09-21T14:27:06.938+0000] {processor.py:839} INFO - DAG(s) dict_keys(['training_dag']) retrieved from /opt/airflow/dags/training_dag.py
[2023-09-21T14:27:06.966+0000] {logging_mixin.py:151} INFO - [2023-09-21T14:27:06.965+0000] {dag.py:2915} INFO - Sync 1 DAGs
[2023-09-21T14:27:06.989+0000] {logging_mixin.py:151} INFO - [2023-09-21T14:27:06.989+0000] {dag.py:3696} INFO - Setting next_dagrun for training_dag to 2023-09-18T00:00:00+00:00, run_after=2023-09-18T00:00:00+00:00
[2023-09-21T14:27:07.018+0000] {processor.py:179} INFO - Processing /opt/airflow/dags/training_dag.py took 0.895 seconds
[2023-09-21T14:27:38.084+0000] {processor.py:157} INFO - Started process (PID=1166) to work on /opt/airflow/dags/training_dag.py
[2023-09-21T14:27:38.087+0000] {processor.py:829} INFO - Processing file /opt/airflow/dags/training_dag.py for tasks to queue
[2023-09-21T14:27:38.089+0000] {logging_mixin.py:151} INFO - [2023-09-21T14:27:38.089+0000] {dagbag.py:539} INFO - Filling up the DagBag from /opt/airflow/dags/training_dag.py
[2023-09-21T14:27:39.061+0000] {processor.py:839} INFO - DAG(s) dict_keys(['training_dag']) retrieved from /opt/airflow/dags/training_dag.py
[2023-09-21T14:27:39.089+0000] {logging_mixin.py:151} INFO - [2023-09-21T14:27:39.088+0000] {dag.py:2915} INFO - Sync 1 DAGs
[2023-09-21T14:27:39.107+0000] {logging_mixin.py:151} INFO - [2023-09-21T14:27:39.106+0000] {dag.py:3696} INFO - Setting next_dagrun for training_dag to 2023-09-18T00:00:00+00:00, run_after=2023-09-18T00:00:00+00:00
[2023-09-21T14:27:39.120+0000] {processor.py:179} INFO - Processing /opt/airflow/dags/training_dag.py took 1.044 seconds
[2023-09-21T14:28:10.050+0000] {processor.py:157} INFO - Started process (PID=1203) to work on /opt/airflow/dags/training_dag.py
[2023-09-21T14:28:10.052+0000] {processor.py:829} INFO - Processing file /opt/airflow/dags/training_dag.py for tasks to queue
[2023-09-21T14:28:10.055+0000] {logging_mixin.py:151} INFO - [2023-09-21T14:28:10.054+0000] {dagbag.py:539} INFO - Filling up the DagBag from /opt/airflow/dags/training_dag.py
[2023-09-21T14:28:11.016+0000] {processor.py:839} INFO - DAG(s) dict_keys(['training_dag']) retrieved from /opt/airflow/dags/training_dag.py
[2023-09-21T14:28:11.044+0000] {logging_mixin.py:151} INFO - [2023-09-21T14:28:11.043+0000] {dag.py:2915} INFO - Sync 1 DAGs
[2023-09-21T14:28:11.063+0000] {logging_mixin.py:151} INFO - [2023-09-21T14:28:11.063+0000] {dag.py:3696} INFO - Setting next_dagrun for training_dag to 2023-09-18T00:00:00+00:00, run_after=2023-09-18T00:00:00+00:00
[2023-09-21T14:28:11.077+0000] {processor.py:179} INFO - Processing /opt/airflow/dags/training_dag.py took 1.034 seconds
[2023-09-21T14:28:41.862+0000] {processor.py:157} INFO - Started process (PID=1240) to work on /opt/airflow/dags/training_dag.py
[2023-09-21T14:28:41.865+0000] {processor.py:829} INFO - Processing file /opt/airflow/dags/training_dag.py for tasks to queue
[2023-09-21T14:28:41.868+0000] {logging_mixin.py:151} INFO - [2023-09-21T14:28:41.867+0000] {dagbag.py:539} INFO - Filling up the DagBag from /opt/airflow/dags/training_dag.py
[2023-09-21T14:28:42.849+0000] {processor.py:839} INFO - DAG(s) dict_keys(['training_dag']) retrieved from /opt/airflow/dags/training_dag.py
[2023-09-21T14:28:42.881+0000] {logging_mixin.py:151} INFO - [2023-09-21T14:28:42.880+0000] {dag.py:2915} INFO - Sync 1 DAGs
[2023-09-21T14:28:42.904+0000] {logging_mixin.py:151} INFO - [2023-09-21T14:28:42.903+0000] {dag.py:3696} INFO - Setting next_dagrun for training_dag to 2023-09-18T00:00:00+00:00, run_after=2023-09-18T00:00:00+00:00
[2023-09-21T14:28:42.919+0000] {processor.py:179} INFO - Processing /opt/airflow/dags/training_dag.py took 1.063 seconds
[2023-09-21T14:29:13.035+0000] {processor.py:157} INFO - Started process (PID=1297) to work on /opt/airflow/dags/training_dag.py
[2023-09-21T14:29:13.037+0000] {processor.py:829} INFO - Processing file /opt/airflow/dags/training_dag.py for tasks to queue
[2023-09-21T14:29:13.040+0000] {logging_mixin.py:151} INFO - [2023-09-21T14:29:13.039+0000] {dagbag.py:539} INFO - Filling up the DagBag from /opt/airflow/dags/training_dag.py
[2023-09-21T14:29:14.069+0000] {processor.py:839} INFO - DAG(s) dict_keys(['training_dag']) retrieved from /opt/airflow/dags/training_dag.py
[2023-09-21T14:29:14.095+0000] {logging_mixin.py:151} INFO - [2023-09-21T14:29:14.095+0000] {dag.py:2915} INFO - Sync 1 DAGs
[2023-09-21T14:29:14.118+0000] {logging_mixin.py:151} INFO - [2023-09-21T14:29:14.118+0000] {dag.py:3696} INFO - Setting next_dagrun for training_dag to 2023-09-18T00:00:00+00:00, run_after=2023-09-18T00:00:00+00:00
[2023-09-21T14:29:14.133+0000] {processor.py:179} INFO - Processing /opt/airflow/dags/training_dag.py took 1.105 seconds
[2023-09-21T14:29:44.928+0000] {processor.py:157} INFO - Started process (PID=1349) to work on /opt/airflow/dags/training_dag.py
[2023-09-21T14:29:44.930+0000] {processor.py:829} INFO - Processing file /opt/airflow/dags/training_dag.py for tasks to queue
[2023-09-21T14:29:44.931+0000] {logging_mixin.py:151} INFO - [2023-09-21T14:29:44.931+0000] {dagbag.py:539} INFO - Filling up the DagBag from /opt/airflow/dags/training_dag.py
[2023-09-21T14:29:46.070+0000] {processor.py:839} INFO - DAG(s) dict_keys(['training_dag']) retrieved from /opt/airflow/dags/training_dag.py
[2023-09-21T14:29:46.117+0000] {logging_mixin.py:151} INFO - [2023-09-21T14:29:46.116+0000] {dag.py:2915} INFO - Sync 1 DAGs
[2023-09-21T14:29:46.139+0000] {logging_mixin.py:151} INFO - [2023-09-21T14:29:46.139+0000] {dag.py:3696} INFO - Setting next_dagrun for training_dag to 2023-09-18T00:00:00+00:00, run_after=2023-09-18T00:00:00+00:00
[2023-09-21T14:29:46.160+0000] {processor.py:179} INFO - Processing /opt/airflow/dags/training_dag.py took 1.237 seconds
[2023-09-21T14:30:16.690+0000] {processor.py:157} INFO - Started process (PID=1397) to work on /opt/airflow/dags/training_dag.py
[2023-09-21T14:30:16.692+0000] {processor.py:829} INFO - Processing file /opt/airflow/dags/training_dag.py for tasks to queue
[2023-09-21T14:30:16.694+0000] {logging_mixin.py:151} INFO - [2023-09-21T14:30:16.693+0000] {dagbag.py:539} INFO - Filling up the DagBag from /opt/airflow/dags/training_dag.py
[2023-09-21T14:30:17.602+0000] {processor.py:839} INFO - DAG(s) dict_keys(['training_dag']) retrieved from /opt/airflow/dags/training_dag.py
[2023-09-21T14:30:17.623+0000] {logging_mixin.py:151} INFO - [2023-09-21T14:30:17.623+0000] {dag.py:2915} INFO - Sync 1 DAGs
[2023-09-21T14:30:17.639+0000] {logging_mixin.py:151} INFO - [2023-09-21T14:30:17.639+0000] {dag.py:3696} INFO - Setting next_dagrun for training_dag to 2023-09-18T00:00:00+00:00, run_after=2023-09-18T00:00:00+00:00
[2023-09-21T14:30:17.652+0000] {processor.py:179} INFO - Processing /opt/airflow/dags/training_dag.py took 0.966 seconds
[2023-09-21T14:30:48.107+0000] {processor.py:157} INFO - Started process (PID=1438) to work on /opt/airflow/dags/training_dag.py
[2023-09-21T14:30:48.109+0000] {processor.py:829} INFO - Processing file /opt/airflow/dags/training_dag.py for tasks to queue
[2023-09-21T14:30:48.111+0000] {logging_mixin.py:151} INFO - [2023-09-21T14:30:48.110+0000] {dagbag.py:539} INFO - Filling up the DagBag from /opt/airflow/dags/training_dag.py
[2023-09-21T14:30:48.941+0000] {processor.py:839} INFO - DAG(s) dict_keys(['training_dag']) retrieved from /opt/airflow/dags/training_dag.py
[2023-09-21T14:30:48.961+0000] {logging_mixin.py:151} INFO - [2023-09-21T14:30:48.961+0000] {dag.py:2915} INFO - Sync 1 DAGs
[2023-09-21T14:30:48.976+0000] {logging_mixin.py:151} INFO - [2023-09-21T14:30:48.976+0000] {dag.py:3696} INFO - Setting next_dagrun for training_dag to 2023-09-18T00:00:00+00:00, run_after=2023-09-18T00:00:00+00:00
[2023-09-21T14:30:48.992+0000] {processor.py:179} INFO - Processing /opt/airflow/dags/training_dag.py took 0.888 seconds
[2023-09-21T14:31:19.975+0000] {processor.py:157} INFO - Started process (PID=1519) to work on /opt/airflow/dags/training_dag.py
[2023-09-21T14:31:19.978+0000] {processor.py:829} INFO - Processing file /opt/airflow/dags/training_dag.py for tasks to queue
[2023-09-21T14:31:19.979+0000] {logging_mixin.py:151} INFO - [2023-09-21T14:31:19.979+0000] {dagbag.py:539} INFO - Filling up the DagBag from /opt/airflow/dags/training_dag.py
[2023-09-21T14:31:20.831+0000] {processor.py:839} INFO - DAG(s) dict_keys(['training_dag']) retrieved from /opt/airflow/dags/training_dag.py
[2023-09-21T14:31:20.854+0000] {logging_mixin.py:151} INFO - [2023-09-21T14:31:20.853+0000] {dag.py:2915} INFO - Sync 1 DAGs
[2023-09-21T14:31:20.872+0000] {logging_mixin.py:151} INFO - [2023-09-21T14:31:20.871+0000] {dag.py:3696} INFO - Setting next_dagrun for training_dag to None, run_after=None
[2023-09-21T14:31:20.885+0000] {processor.py:179} INFO - Processing /opt/airflow/dags/training_dag.py took 0.914 seconds
[2023-09-21T14:31:50.968+0000] {processor.py:157} INFO - Started process (PID=1556) to work on /opt/airflow/dags/training_dag.py
[2023-09-21T14:31:50.970+0000] {processor.py:829} INFO - Processing file /opt/airflow/dags/training_dag.py for tasks to queue
[2023-09-21T14:31:50.972+0000] {logging_mixin.py:151} INFO - [2023-09-21T14:31:50.971+0000] {dagbag.py:539} INFO - Filling up the DagBag from /opt/airflow/dags/training_dag.py
[2023-09-21T14:31:51.952+0000] {processor.py:839} INFO - DAG(s) dict_keys(['training_dag']) retrieved from /opt/airflow/dags/training_dag.py
[2023-09-21T14:31:51.972+0000] {logging_mixin.py:151} INFO - [2023-09-21T14:31:51.972+0000] {dag.py:2915} INFO - Sync 1 DAGs
[2023-09-21T14:31:51.989+0000] {logging_mixin.py:151} INFO - [2023-09-21T14:31:51.988+0000] {dag.py:3696} INFO - Setting next_dagrun for training_dag to None, run_after=None
[2023-09-21T14:31:52.001+0000] {processor.py:179} INFO - Processing /opt/airflow/dags/training_dag.py took 1.038 seconds
[2023-09-21T14:32:22.280+0000] {processor.py:157} INFO - Started process (PID=1593) to work on /opt/airflow/dags/training_dag.py
[2023-09-21T14:32:22.282+0000] {processor.py:829} INFO - Processing file /opt/airflow/dags/training_dag.py for tasks to queue
[2023-09-21T14:32:22.285+0000] {logging_mixin.py:151} INFO - [2023-09-21T14:32:22.284+0000] {dagbag.py:539} INFO - Filling up the DagBag from /opt/airflow/dags/training_dag.py
[2023-09-21T14:32:23.242+0000] {processor.py:839} INFO - DAG(s) dict_keys(['training_dag']) retrieved from /opt/airflow/dags/training_dag.py
[2023-09-21T14:32:23.269+0000] {logging_mixin.py:151} INFO - [2023-09-21T14:32:23.269+0000] {dag.py:2915} INFO - Sync 1 DAGs
[2023-09-21T14:32:23.287+0000] {logging_mixin.py:151} INFO - [2023-09-21T14:32:23.287+0000] {dag.py:3696} INFO - Setting next_dagrun for training_dag to None, run_after=None
[2023-09-21T14:32:23.301+0000] {processor.py:179} INFO - Processing /opt/airflow/dags/training_dag.py took 1.027 seconds
[2023-09-21T14:32:53.973+0000] {processor.py:157} INFO - Started process (PID=1635) to work on /opt/airflow/dags/training_dag.py
[2023-09-21T14:32:53.979+0000] {processor.py:829} INFO - Processing file /opt/airflow/dags/training_dag.py for tasks to queue
[2023-09-21T14:32:53.983+0000] {logging_mixin.py:151} INFO - [2023-09-21T14:32:53.983+0000] {dagbag.py:539} INFO - Filling up the DagBag from /opt/airflow/dags/training_dag.py
[2023-09-21T14:32:55.564+0000] {processor.py:839} INFO - DAG(s) dict_keys(['training_dag']) retrieved from /opt/airflow/dags/training_dag.py
[2023-09-21T14:32:55.619+0000] {logging_mixin.py:151} INFO - [2023-09-21T14:32:55.619+0000] {dag.py:2915} INFO - Sync 1 DAGs
[2023-09-21T14:32:55.654+0000] {logging_mixin.py:151} INFO - [2023-09-21T14:32:55.654+0000] {dag.py:3696} INFO - Setting next_dagrun for training_dag to None, run_after=None
[2023-09-21T14:32:55.675+0000] {processor.py:179} INFO - Processing /opt/airflow/dags/training_dag.py took 1.708 seconds
[2023-09-21T14:33:26.031+0000] {processor.py:157} INFO - Started process (PID=1710) to work on /opt/airflow/dags/training_dag.py
[2023-09-21T14:33:26.040+0000] {processor.py:829} INFO - Processing file /opt/airflow/dags/training_dag.py for tasks to queue
[2023-09-21T14:33:26.055+0000] {logging_mixin.py:151} INFO - [2023-09-21T14:33:26.055+0000] {dagbag.py:539} INFO - Filling up the DagBag from /opt/airflow/dags/training_dag.py
[2023-09-21T14:33:29.372+0000] {processor.py:839} INFO - DAG(s) dict_keys(['training_dag']) retrieved from /opt/airflow/dags/training_dag.py
[2023-09-21T14:33:29.563+0000] {logging_mixin.py:151} INFO - [2023-09-21T14:33:29.561+0000] {dag.py:2915} INFO - Sync 1 DAGs
[2023-09-21T14:33:29.618+0000] {logging_mixin.py:151} INFO - [2023-09-21T14:33:29.617+0000] {dag.py:3696} INFO - Setting next_dagrun for training_dag to None, run_after=None
[2023-09-21T14:33:29.685+0000] {processor.py:179} INFO - Processing /opt/airflow/dags/training_dag.py took 3.677 seconds
[2023-09-21T14:34:00.687+0000] {processor.py:157} INFO - Started process (PID=1748) to work on /opt/airflow/dags/training_dag.py
[2023-09-21T14:34:00.690+0000] {processor.py:829} INFO - Processing file /opt/airflow/dags/training_dag.py for tasks to queue
[2023-09-21T14:34:00.692+0000] {logging_mixin.py:151} INFO - [2023-09-21T14:34:00.691+0000] {dagbag.py:539} INFO - Filling up the DagBag from /opt/airflow/dags/training_dag.py
[2023-09-21T14:34:01.645+0000] {processor.py:839} INFO - DAG(s) dict_keys(['training_dag']) retrieved from /opt/airflow/dags/training_dag.py
[2023-09-21T14:34:01.675+0000] {logging_mixin.py:151} INFO - [2023-09-21T14:34:01.674+0000] {dag.py:2915} INFO - Sync 1 DAGs
[2023-09-21T14:34:01.696+0000] {logging_mixin.py:151} INFO - [2023-09-21T14:34:01.696+0000] {dag.py:3696} INFO - Setting next_dagrun for training_dag to None, run_after=None
[2023-09-21T14:34:01.711+0000] {processor.py:179} INFO - Processing /opt/airflow/dags/training_dag.py took 1.032 seconds
[2023-09-21T14:34:31.979+0000] {processor.py:157} INFO - Started process (PID=1818) to work on /opt/airflow/dags/training_dag.py
[2023-09-21T14:34:31.983+0000] {processor.py:829} INFO - Processing file /opt/airflow/dags/training_dag.py for tasks to queue
[2023-09-21T14:34:31.986+0000] {logging_mixin.py:151} INFO - [2023-09-21T14:34:31.985+0000] {dagbag.py:539} INFO - Filling up the DagBag from /opt/airflow/dags/training_dag.py
[2023-09-21T14:34:34.624+0000] {processor.py:839} INFO - DAG(s) dict_keys(['training_dag']) retrieved from /opt/airflow/dags/training_dag.py
[2023-09-21T14:34:34.691+0000] {logging_mixin.py:151} INFO - [2023-09-21T14:34:34.691+0000] {dag.py:2915} INFO - Sync 1 DAGs
[2023-09-21T14:34:34.743+0000] {logging_mixin.py:151} INFO - [2023-09-21T14:34:34.742+0000] {dag.py:3696} INFO - Setting next_dagrun for training_dag to None, run_after=None
[2023-09-21T14:34:34.796+0000] {processor.py:179} INFO - Processing /opt/airflow/dags/training_dag.py took 2.823 seconds
[2023-09-21T14:35:05.007+0000] {processor.py:157} INFO - Started process (PID=1855) to work on /opt/airflow/dags/training_dag.py
[2023-09-21T14:35:05.010+0000] {processor.py:829} INFO - Processing file /opt/airflow/dags/training_dag.py for tasks to queue
[2023-09-21T14:35:05.012+0000] {logging_mixin.py:151} INFO - [2023-09-21T14:35:05.012+0000] {dagbag.py:539} INFO - Filling up the DagBag from /opt/airflow/dags/training_dag.py
[2023-09-21T14:35:05.885+0000] {processor.py:839} INFO - DAG(s) dict_keys(['training_dag']) retrieved from /opt/airflow/dags/training_dag.py
[2023-09-21T14:35:05.912+0000] {logging_mixin.py:151} INFO - [2023-09-21T14:35:05.912+0000] {dag.py:2915} INFO - Sync 1 DAGs
[2023-09-21T14:35:05.930+0000] {logging_mixin.py:151} INFO - [2023-09-21T14:35:05.930+0000] {dag.py:3696} INFO - Setting next_dagrun for training_dag to None, run_after=None
[2023-09-21T14:35:05.943+0000] {processor.py:179} INFO - Processing /opt/airflow/dags/training_dag.py took 0.942 seconds
[2023-09-21T14:36:29.927+0000] {processor.py:157} INFO - Started process (PID=171) to work on /opt/airflow/dags/training_dag.py
[2023-09-21T14:36:29.932+0000] {processor.py:829} INFO - Processing file /opt/airflow/dags/training_dag.py for tasks to queue
[2023-09-21T14:36:29.935+0000] {logging_mixin.py:151} INFO - [2023-09-21T14:36:29.934+0000] {dagbag.py:539} INFO - Filling up the DagBag from /opt/airflow/dags/training_dag.py
[2023-09-21T14:36:32.224+0000] {processor.py:839} INFO - DAG(s) dict_keys(['training_dag']) retrieved from /opt/airflow/dags/training_dag.py
[2023-09-21T14:36:32.358+0000] {logging_mixin.py:151} INFO - [2023-09-21T14:36:32.357+0000] {security.py:708} INFO - Not syncing DAG-level permissions for DAG 'DAG:training_dag' as access control is unset.
[2023-09-21T14:36:32.360+0000] {logging_mixin.py:151} INFO - [2023-09-21T14:36:32.359+0000] {dag.py:2915} INFO - Sync 1 DAGs
[2023-09-21T14:36:32.379+0000] {logging_mixin.py:151} INFO - [2023-09-21T14:36:32.379+0000] {dag.py:3696} INFO - Setting next_dagrun for training_dag to None, run_after=None
[2023-09-21T14:36:32.398+0000] {processor.py:179} INFO - Processing /opt/airflow/dags/training_dag.py took 2.479 seconds
[2023-09-21T14:37:02.938+0000] {processor.py:157} INFO - Started process (PID=216) to work on /opt/airflow/dags/training_dag.py
[2023-09-21T14:37:02.940+0000] {processor.py:829} INFO - Processing file /opt/airflow/dags/training_dag.py for tasks to queue
[2023-09-21T14:37:02.941+0000] {logging_mixin.py:151} INFO - [2023-09-21T14:37:02.941+0000] {dagbag.py:539} INFO - Filling up the DagBag from /opt/airflow/dags/training_dag.py
[2023-09-21T14:37:03.959+0000] {processor.py:839} INFO - DAG(s) dict_keys(['training_dag']) retrieved from /opt/airflow/dags/training_dag.py
[2023-09-21T14:37:03.994+0000] {logging_mixin.py:151} INFO - [2023-09-21T14:37:03.993+0000] {dag.py:2915} INFO - Sync 1 DAGs
[2023-09-21T14:37:04.014+0000] {logging_mixin.py:151} INFO - [2023-09-21T14:37:04.014+0000] {dag.py:3696} INFO - Setting next_dagrun for training_dag to None, run_after=None
[2023-09-21T14:37:04.027+0000] {processor.py:179} INFO - Processing /opt/airflow/dags/training_dag.py took 1.093 seconds
[2023-09-21T14:37:34.984+0000] {processor.py:157} INFO - Started process (PID=259) to work on /opt/airflow/dags/training_dag.py
[2023-09-21T14:37:34.986+0000] {processor.py:829} INFO - Processing file /opt/airflow/dags/training_dag.py for tasks to queue
[2023-09-21T14:37:34.989+0000] {logging_mixin.py:151} INFO - [2023-09-21T14:37:34.988+0000] {dagbag.py:539} INFO - Filling up the DagBag from /opt/airflow/dags/training_dag.py
[2023-09-21T14:37:35.868+0000] {processor.py:839} INFO - DAG(s) dict_keys(['training_dag']) retrieved from /opt/airflow/dags/training_dag.py
[2023-09-21T14:37:35.891+0000] {logging_mixin.py:151} INFO - [2023-09-21T14:37:35.890+0000] {dag.py:2915} INFO - Sync 1 DAGs
[2023-09-21T14:37:35.907+0000] {logging_mixin.py:151} INFO - [2023-09-21T14:37:35.906+0000] {dag.py:3696} INFO - Setting next_dagrun for training_dag to None, run_after=None
[2023-09-21T14:37:35.919+0000] {processor.py:179} INFO - Processing /opt/airflow/dags/training_dag.py took 0.940 seconds
[2023-09-21T14:38:06.616+0000] {processor.py:157} INFO - Started process (PID=296) to work on /opt/airflow/dags/training_dag.py
[2023-09-21T14:38:06.619+0000] {processor.py:829} INFO - Processing file /opt/airflow/dags/training_dag.py for tasks to queue
[2023-09-21T14:38:06.621+0000] {logging_mixin.py:151} INFO - [2023-09-21T14:38:06.621+0000] {dagbag.py:539} INFO - Filling up the DagBag from /opt/airflow/dags/training_dag.py
[2023-09-21T14:38:07.510+0000] {processor.py:839} INFO - DAG(s) dict_keys(['training_dag']) retrieved from /opt/airflow/dags/training_dag.py
[2023-09-21T14:38:07.541+0000] {logging_mixin.py:151} INFO - [2023-09-21T14:38:07.541+0000] {dag.py:2915} INFO - Sync 1 DAGs
[2023-09-21T14:38:07.561+0000] {logging_mixin.py:151} INFO - [2023-09-21T14:38:07.561+0000] {dag.py:3696} INFO - Setting next_dagrun for training_dag to None, run_after=None
[2023-09-21T14:38:07.576+0000] {processor.py:179} INFO - Processing /opt/airflow/dags/training_dag.py took 0.967 seconds
[2023-09-21T14:38:38.611+0000] {processor.py:157} INFO - Started process (PID=333) to work on /opt/airflow/dags/training_dag.py
[2023-09-21T14:38:38.614+0000] {processor.py:829} INFO - Processing file /opt/airflow/dags/training_dag.py for tasks to queue
[2023-09-21T14:38:38.616+0000] {logging_mixin.py:151} INFO - [2023-09-21T14:38:38.615+0000] {dagbag.py:539} INFO - Filling up the DagBag from /opt/airflow/dags/training_dag.py
[2023-09-21T14:38:39.486+0000] {processor.py:839} INFO - DAG(s) dict_keys(['training_dag']) retrieved from /opt/airflow/dags/training_dag.py
[2023-09-21T14:38:39.509+0000] {logging_mixin.py:151} INFO - [2023-09-21T14:38:39.509+0000] {dag.py:2915} INFO - Sync 1 DAGs
[2023-09-21T14:38:39.526+0000] {logging_mixin.py:151} INFO - [2023-09-21T14:38:39.526+0000] {dag.py:3696} INFO - Setting next_dagrun for training_dag to None, run_after=None
[2023-09-21T14:38:39.539+0000] {processor.py:179} INFO - Processing /opt/airflow/dags/training_dag.py took 0.933 seconds
[2023-09-21T14:39:09.828+0000] {processor.py:157} INFO - Started process (PID=370) to work on /opt/airflow/dags/training_dag.py
[2023-09-21T14:39:09.830+0000] {processor.py:829} INFO - Processing file /opt/airflow/dags/training_dag.py for tasks to queue
[2023-09-21T14:39:09.832+0000] {logging_mixin.py:151} INFO - [2023-09-21T14:39:09.832+0000] {dagbag.py:539} INFO - Filling up the DagBag from /opt/airflow/dags/training_dag.py
[2023-09-21T14:39:10.702+0000] {processor.py:839} INFO - DAG(s) dict_keys(['training_dag']) retrieved from /opt/airflow/dags/training_dag.py
[2023-09-21T14:39:10.731+0000] {logging_mixin.py:151} INFO - [2023-09-21T14:39:10.731+0000] {dag.py:2915} INFO - Sync 1 DAGs
[2023-09-21T14:39:10.754+0000] {logging_mixin.py:151} INFO - [2023-09-21T14:39:10.754+0000] {dag.py:3696} INFO - Setting next_dagrun for training_dag to None, run_after=None
[2023-09-21T14:39:10.767+0000] {processor.py:179} INFO - Processing /opt/airflow/dags/training_dag.py took 0.944 seconds
[2023-09-21T14:39:41.781+0000] {processor.py:157} INFO - Started process (PID=407) to work on /opt/airflow/dags/training_dag.py
[2023-09-21T14:39:41.783+0000] {processor.py:829} INFO - Processing file /opt/airflow/dags/training_dag.py for tasks to queue
[2023-09-21T14:39:41.785+0000] {logging_mixin.py:151} INFO - [2023-09-21T14:39:41.784+0000] {dagbag.py:539} INFO - Filling up the DagBag from /opt/airflow/dags/training_dag.py
[2023-09-21T14:39:42.647+0000] {processor.py:839} INFO - DAG(s) dict_keys(['training_dag']) retrieved from /opt/airflow/dags/training_dag.py
[2023-09-21T14:39:42.676+0000] {logging_mixin.py:151} INFO - [2023-09-21T14:39:42.675+0000] {dag.py:2915} INFO - Sync 1 DAGs
[2023-09-21T14:39:42.695+0000] {logging_mixin.py:151} INFO - [2023-09-21T14:39:42.695+0000] {dag.py:3696} INFO - Setting next_dagrun for training_dag to None, run_after=None
[2023-09-21T14:39:42.709+0000] {processor.py:179} INFO - Processing /opt/airflow/dags/training_dag.py took 0.931 seconds
[2023-09-21T14:40:13.159+0000] {processor.py:157} INFO - Started process (PID=444) to work on /opt/airflow/dags/training_dag.py
[2023-09-21T14:40:13.162+0000] {processor.py:829} INFO - Processing file /opt/airflow/dags/training_dag.py for tasks to queue
[2023-09-21T14:40:13.163+0000] {logging_mixin.py:151} INFO - [2023-09-21T14:40:13.163+0000] {dagbag.py:539} INFO - Filling up the DagBag from /opt/airflow/dags/training_dag.py
[2023-09-21T14:40:14.015+0000] {processor.py:839} INFO - DAG(s) dict_keys(['training_dag']) retrieved from /opt/airflow/dags/training_dag.py
[2023-09-21T14:40:14.043+0000] {logging_mixin.py:151} INFO - [2023-09-21T14:40:14.042+0000] {dag.py:2915} INFO - Sync 1 DAGs
[2023-09-21T14:40:14.060+0000] {logging_mixin.py:151} INFO - [2023-09-21T14:40:14.059+0000] {dag.py:3696} INFO - Setting next_dagrun for training_dag to None, run_after=None
[2023-09-21T14:40:14.073+0000] {processor.py:179} INFO - Processing /opt/airflow/dags/training_dag.py took 0.921 seconds
[2023-09-21T14:40:45.065+0000] {processor.py:157} INFO - Started process (PID=481) to work on /opt/airflow/dags/training_dag.py
[2023-09-21T14:40:45.067+0000] {processor.py:829} INFO - Processing file /opt/airflow/dags/training_dag.py for tasks to queue
[2023-09-21T14:40:45.069+0000] {logging_mixin.py:151} INFO - [2023-09-21T14:40:45.068+0000] {dagbag.py:539} INFO - Filling up the DagBag from /opt/airflow/dags/training_dag.py
[2023-09-21T14:40:45.862+0000] {processor.py:839} INFO - DAG(s) dict_keys(['training_dag']) retrieved from /opt/airflow/dags/training_dag.py
[2023-09-21T14:40:45.886+0000] {logging_mixin.py:151} INFO - [2023-09-21T14:40:45.885+0000] {dag.py:2915} INFO - Sync 1 DAGs
[2023-09-21T14:40:45.904+0000] {logging_mixin.py:151} INFO - [2023-09-21T14:40:45.904+0000] {dag.py:3696} INFO - Setting next_dagrun for training_dag to None, run_after=None
[2023-09-21T14:40:45.916+0000] {processor.py:179} INFO - Processing /opt/airflow/dags/training_dag.py took 0.855 seconds
[2023-09-21T14:41:16.903+0000] {processor.py:157} INFO - Started process (PID=518) to work on /opt/airflow/dags/training_dag.py
[2023-09-21T14:41:16.906+0000] {processor.py:829} INFO - Processing file /opt/airflow/dags/training_dag.py for tasks to queue
[2023-09-21T14:41:16.907+0000] {logging_mixin.py:151} INFO - [2023-09-21T14:41:16.907+0000] {dagbag.py:539} INFO - Filling up the DagBag from /opt/airflow/dags/training_dag.py
[2023-09-21T14:41:17.758+0000] {processor.py:839} INFO - DAG(s) dict_keys(['training_dag']) retrieved from /opt/airflow/dags/training_dag.py
[2023-09-21T14:41:17.782+0000] {logging_mixin.py:151} INFO - [2023-09-21T14:41:17.781+0000] {dag.py:2915} INFO - Sync 1 DAGs
[2023-09-21T14:41:17.799+0000] {logging_mixin.py:151} INFO - [2023-09-21T14:41:17.799+0000] {dag.py:3696} INFO - Setting next_dagrun for training_dag to None, run_after=None
[2023-09-21T14:41:17.813+0000] {processor.py:179} INFO - Processing /opt/airflow/dags/training_dag.py took 0.915 seconds
[2023-09-21T14:41:48.756+0000] {processor.py:157} INFO - Started process (PID=562) to work on /opt/airflow/dags/training_dag.py
[2023-09-21T14:41:48.759+0000] {processor.py:829} INFO - Processing file /opt/airflow/dags/training_dag.py for tasks to queue
[2023-09-21T14:41:48.761+0000] {logging_mixin.py:151} INFO - [2023-09-21T14:41:48.760+0000] {dagbag.py:539} INFO - Filling up the DagBag from /opt/airflow/dags/training_dag.py
[2023-09-21T14:41:49.479+0000] {processor.py:839} INFO - DAG(s) dict_keys(['training_dag']) retrieved from /opt/airflow/dags/training_dag.py
[2023-09-21T14:41:49.501+0000] {logging_mixin.py:151} INFO - [2023-09-21T14:41:49.500+0000] {dag.py:2915} INFO - Sync 1 DAGs
[2023-09-21T14:41:49.517+0000] {logging_mixin.py:151} INFO - [2023-09-21T14:41:49.517+0000] {dag.py:3696} INFO - Setting next_dagrun for training_dag to None, run_after=None
[2023-09-21T14:41:49.529+0000] {processor.py:179} INFO - Processing /opt/airflow/dags/training_dag.py took 0.779 seconds
[2023-09-21T14:42:20.457+0000] {processor.py:157} INFO - Started process (PID=599) to work on /opt/airflow/dags/training_dag.py
[2023-09-21T14:42:20.460+0000] {processor.py:829} INFO - Processing file /opt/airflow/dags/training_dag.py for tasks to queue
[2023-09-21T14:42:20.461+0000] {logging_mixin.py:151} INFO - [2023-09-21T14:42:20.461+0000] {dagbag.py:539} INFO - Filling up the DagBag from /opt/airflow/dags/training_dag.py
[2023-09-21T14:42:21.326+0000] {processor.py:839} INFO - DAG(s) dict_keys(['training_dag']) retrieved from /opt/airflow/dags/training_dag.py
[2023-09-21T14:42:21.349+0000] {logging_mixin.py:151} INFO - [2023-09-21T14:42:21.349+0000] {dag.py:2915} INFO - Sync 1 DAGs
[2023-09-21T14:42:21.369+0000] {logging_mixin.py:151} INFO - [2023-09-21T14:42:21.369+0000] {dag.py:3696} INFO - Setting next_dagrun for training_dag to None, run_after=None
[2023-09-21T14:42:21.381+0000] {processor.py:179} INFO - Processing /opt/airflow/dags/training_dag.py took 0.932 seconds
[2023-09-21T14:42:52.255+0000] {processor.py:157} INFO - Started process (PID=635) to work on /opt/airflow/dags/training_dag.py
[2023-09-21T14:42:52.267+0000] {processor.py:829} INFO - Processing file /opt/airflow/dags/training_dag.py for tasks to queue
[2023-09-21T14:42:52.270+0000] {logging_mixin.py:151} INFO - [2023-09-21T14:42:52.269+0000] {dagbag.py:539} INFO - Filling up the DagBag from /opt/airflow/dags/training_dag.py
[2023-09-21T14:42:53.202+0000] {processor.py:839} INFO - DAG(s) dict_keys(['training_dag']) retrieved from /opt/airflow/dags/training_dag.py
[2023-09-21T14:42:53.224+0000] {logging_mixin.py:151} INFO - [2023-09-21T14:42:53.224+0000] {dag.py:2915} INFO - Sync 1 DAGs
[2023-09-21T14:42:53.242+0000] {logging_mixin.py:151} INFO - [2023-09-21T14:42:53.241+0000] {dag.py:3696} INFO - Setting next_dagrun for training_dag to None, run_after=None
[2023-09-21T14:42:53.254+0000] {processor.py:179} INFO - Processing /opt/airflow/dags/training_dag.py took 1.011 seconds
[2023-09-21T14:43:24.124+0000] {processor.py:157} INFO - Started process (PID=672) to work on /opt/airflow/dags/training_dag.py
[2023-09-21T14:43:24.126+0000] {processor.py:829} INFO - Processing file /opt/airflow/dags/training_dag.py for tasks to queue
[2023-09-21T14:43:24.128+0000] {logging_mixin.py:151} INFO - [2023-09-21T14:43:24.127+0000] {dagbag.py:539} INFO - Filling up the DagBag from /opt/airflow/dags/training_dag.py
[2023-09-21T14:43:25.044+0000] {processor.py:839} INFO - DAG(s) dict_keys(['training_dag']) retrieved from /opt/airflow/dags/training_dag.py
[2023-09-21T14:43:25.070+0000] {logging_mixin.py:151} INFO - [2023-09-21T14:43:25.069+0000] {dag.py:2915} INFO - Sync 1 DAGs
[2023-09-21T14:43:25.087+0000] {logging_mixin.py:151} INFO - [2023-09-21T14:43:25.087+0000] {dag.py:3696} INFO - Setting next_dagrun for training_dag to None, run_after=None
[2023-09-21T14:43:25.100+0000] {processor.py:179} INFO - Processing /opt/airflow/dags/training_dag.py took 0.982 seconds
[2023-09-21T14:43:56.099+0000] {processor.py:157} INFO - Started process (PID=709) to work on /opt/airflow/dags/training_dag.py
[2023-09-21T14:43:56.101+0000] {processor.py:829} INFO - Processing file /opt/airflow/dags/training_dag.py for tasks to queue
[2023-09-21T14:43:56.103+0000] {logging_mixin.py:151} INFO - [2023-09-21T14:43:56.102+0000] {dagbag.py:539} INFO - Filling up the DagBag from /opt/airflow/dags/training_dag.py
[2023-09-21T14:43:56.869+0000] {processor.py:839} INFO - DAG(s) dict_keys(['training_dag']) retrieved from /opt/airflow/dags/training_dag.py
[2023-09-21T14:43:56.892+0000] {logging_mixin.py:151} INFO - [2023-09-21T14:43:56.892+0000] {dag.py:2915} INFO - Sync 1 DAGs
[2023-09-21T14:43:56.909+0000] {logging_mixin.py:151} INFO - [2023-09-21T14:43:56.909+0000] {dag.py:3696} INFO - Setting next_dagrun for training_dag to None, run_after=None
[2023-09-21T14:43:56.921+0000] {processor.py:179} INFO - Processing /opt/airflow/dags/training_dag.py took 0.829 seconds
[2023-09-21T14:44:27.035+0000] {processor.py:157} INFO - Started process (PID=746) to work on /opt/airflow/dags/training_dag.py
[2023-09-21T14:44:27.038+0000] {processor.py:829} INFO - Processing file /opt/airflow/dags/training_dag.py for tasks to queue
[2023-09-21T14:44:27.040+0000] {logging_mixin.py:151} INFO - [2023-09-21T14:44:27.040+0000] {dagbag.py:539} INFO - Filling up the DagBag from /opt/airflow/dags/training_dag.py
[2023-09-21T14:44:27.934+0000] {processor.py:839} INFO - DAG(s) dict_keys(['training_dag']) retrieved from /opt/airflow/dags/training_dag.py
[2023-09-21T14:44:27.960+0000] {logging_mixin.py:151} INFO - [2023-09-21T14:44:27.960+0000] {dag.py:2915} INFO - Sync 1 DAGs
[2023-09-21T14:44:27.980+0000] {logging_mixin.py:151} INFO - [2023-09-21T14:44:27.980+0000] {dag.py:3696} INFO - Setting next_dagrun for training_dag to None, run_after=None
[2023-09-21T14:44:27.992+0000] {processor.py:179} INFO - Processing /opt/airflow/dags/training_dag.py took 0.965 seconds
[2023-09-21T14:44:59.009+0000] {processor.py:157} INFO - Started process (PID=783) to work on /opt/airflow/dags/training_dag.py
[2023-09-21T14:44:59.012+0000] {processor.py:829} INFO - Processing file /opt/airflow/dags/training_dag.py for tasks to queue
[2023-09-21T14:44:59.014+0000] {logging_mixin.py:151} INFO - [2023-09-21T14:44:59.013+0000] {dagbag.py:539} INFO - Filling up the DagBag from /opt/airflow/dags/training_dag.py
[2023-09-21T14:44:59.941+0000] {processor.py:839} INFO - DAG(s) dict_keys(['training_dag']) retrieved from /opt/airflow/dags/training_dag.py
[2023-09-21T14:44:59.969+0000] {logging_mixin.py:151} INFO - [2023-09-21T14:44:59.968+0000] {dag.py:2915} INFO - Sync 1 DAGs
[2023-09-21T14:44:59.990+0000] {logging_mixin.py:151} INFO - [2023-09-21T14:44:59.990+0000] {dag.py:3696} INFO - Setting next_dagrun for training_dag to None, run_after=None
[2023-09-21T14:45:00.004+0000] {processor.py:179} INFO - Processing /opt/airflow/dags/training_dag.py took 1.002 seconds
[2023-09-21T14:45:30.911+0000] {processor.py:157} INFO - Started process (PID=820) to work on /opt/airflow/dags/training_dag.py
[2023-09-21T14:45:30.914+0000] {processor.py:829} INFO - Processing file /opt/airflow/dags/training_dag.py for tasks to queue
[2023-09-21T14:45:30.915+0000] {logging_mixin.py:151} INFO - [2023-09-21T14:45:30.915+0000] {dagbag.py:539} INFO - Filling up the DagBag from /opt/airflow/dags/training_dag.py
[2023-09-21T14:45:31.715+0000] {processor.py:839} INFO - DAG(s) dict_keys(['training_dag']) retrieved from /opt/airflow/dags/training_dag.py
[2023-09-21T14:45:31.740+0000] {logging_mixin.py:151} INFO - [2023-09-21T14:45:31.739+0000] {dag.py:2915} INFO - Sync 1 DAGs
[2023-09-21T14:45:31.757+0000] {logging_mixin.py:151} INFO - [2023-09-21T14:45:31.757+0000] {dag.py:3696} INFO - Setting next_dagrun for training_dag to None, run_after=None
[2023-09-21T14:45:31.770+0000] {processor.py:179} INFO - Processing /opt/airflow/dags/training_dag.py took 0.862 seconds
[2023-09-21T14:46:01.904+0000] {processor.py:157} INFO - Started process (PID=857) to work on /opt/airflow/dags/training_dag.py
[2023-09-21T14:46:01.907+0000] {processor.py:829} INFO - Processing file /opt/airflow/dags/training_dag.py for tasks to queue
[2023-09-21T14:46:01.909+0000] {logging_mixin.py:151} INFO - [2023-09-21T14:46:01.908+0000] {dagbag.py:539} INFO - Filling up the DagBag from /opt/airflow/dags/training_dag.py
[2023-09-21T14:46:03.007+0000] {processor.py:839} INFO - DAG(s) dict_keys(['training_dag']) retrieved from /opt/airflow/dags/training_dag.py
[2023-09-21T14:46:03.036+0000] {logging_mixin.py:151} INFO - [2023-09-21T14:46:03.036+0000] {dag.py:2915} INFO - Sync 1 DAGs
[2023-09-21T14:46:03.057+0000] {logging_mixin.py:151} INFO - [2023-09-21T14:46:03.057+0000] {dag.py:3696} INFO - Setting next_dagrun for training_dag to None, run_after=None
[2023-09-21T14:46:03.078+0000] {processor.py:179} INFO - Processing /opt/airflow/dags/training_dag.py took 1.185 seconds
[2023-09-21T14:46:33.821+0000] {processor.py:157} INFO - Started process (PID=894) to work on /opt/airflow/dags/training_dag.py
[2023-09-21T14:46:33.823+0000] {processor.py:829} INFO - Processing file /opt/airflow/dags/training_dag.py for tasks to queue
[2023-09-21T14:46:33.825+0000] {logging_mixin.py:151} INFO - [2023-09-21T14:46:33.825+0000] {dagbag.py:539} INFO - Filling up the DagBag from /opt/airflow/dags/training_dag.py
[2023-09-21T14:46:34.819+0000] {processor.py:839} INFO - DAG(s) dict_keys(['training_dag']) retrieved from /opt/airflow/dags/training_dag.py
[2023-09-21T14:46:34.857+0000] {logging_mixin.py:151} INFO - [2023-09-21T14:46:34.857+0000] {dag.py:2915} INFO - Sync 1 DAGs
[2023-09-21T14:46:34.885+0000] {logging_mixin.py:151} INFO - [2023-09-21T14:46:34.885+0000] {dag.py:3696} INFO - Setting next_dagrun for training_dag to None, run_after=None
[2023-09-21T14:46:34.901+0000] {processor.py:179} INFO - Processing /opt/airflow/dags/training_dag.py took 1.087 seconds
[2023-09-21T14:47:05.984+0000] {processor.py:157} INFO - Started process (PID=931) to work on /opt/airflow/dags/training_dag.py
[2023-09-21T14:47:05.989+0000] {processor.py:829} INFO - Processing file /opt/airflow/dags/training_dag.py for tasks to queue
[2023-09-21T14:47:05.995+0000] {logging_mixin.py:151} INFO - [2023-09-21T14:47:05.994+0000] {dagbag.py:539} INFO - Filling up the DagBag from /opt/airflow/dags/training_dag.py
[2023-09-21T14:47:07.062+0000] {processor.py:839} INFO - DAG(s) dict_keys(['training_dag']) retrieved from /opt/airflow/dags/training_dag.py
[2023-09-21T14:47:07.091+0000] {logging_mixin.py:151} INFO - [2023-09-21T14:47:07.091+0000] {dag.py:2915} INFO - Sync 1 DAGs
[2023-09-21T14:47:07.121+0000] {logging_mixin.py:151} INFO - [2023-09-21T14:47:07.121+0000] {dag.py:3696} INFO - Setting next_dagrun for training_dag to None, run_after=None
[2023-09-21T14:47:07.136+0000] {processor.py:179} INFO - Processing /opt/airflow/dags/training_dag.py took 1.161 seconds
[2023-09-21T14:47:38.211+0000] {processor.py:157} INFO - Started process (PID=968) to work on /opt/airflow/dags/training_dag.py
[2023-09-21T14:47:38.214+0000] {processor.py:829} INFO - Processing file /opt/airflow/dags/training_dag.py for tasks to queue
[2023-09-21T14:47:38.216+0000] {logging_mixin.py:151} INFO - [2023-09-21T14:47:38.215+0000] {dagbag.py:539} INFO - Filling up the DagBag from /opt/airflow/dags/training_dag.py
[2023-09-21T14:47:39.155+0000] {processor.py:839} INFO - DAG(s) dict_keys(['training_dag']) retrieved from /opt/airflow/dags/training_dag.py
[2023-09-21T14:47:39.184+0000] {logging_mixin.py:151} INFO - [2023-09-21T14:47:39.184+0000] {dag.py:2915} INFO - Sync 1 DAGs
[2023-09-21T14:47:39.210+0000] {logging_mixin.py:151} INFO - [2023-09-21T14:47:39.210+0000] {dag.py:3696} INFO - Setting next_dagrun for training_dag to None, run_after=None
[2023-09-21T14:47:39.227+0000] {processor.py:179} INFO - Processing /opt/airflow/dags/training_dag.py took 1.021 seconds
[2023-09-21T14:48:10.169+0000] {processor.py:157} INFO - Started process (PID=1005) to work on /opt/airflow/dags/training_dag.py
[2023-09-21T14:48:10.172+0000] {processor.py:829} INFO - Processing file /opt/airflow/dags/training_dag.py for tasks to queue
[2023-09-21T14:48:10.174+0000] {logging_mixin.py:151} INFO - [2023-09-21T14:48:10.174+0000] {dagbag.py:539} INFO - Filling up the DagBag from /opt/airflow/dags/training_dag.py
[2023-09-21T14:48:11.210+0000] {processor.py:839} INFO - DAG(s) dict_keys(['training_dag']) retrieved from /opt/airflow/dags/training_dag.py
[2023-09-21T14:48:11.251+0000] {logging_mixin.py:151} INFO - [2023-09-21T14:48:11.251+0000] {dag.py:2915} INFO - Sync 1 DAGs
[2023-09-21T14:48:11.275+0000] {logging_mixin.py:151} INFO - [2023-09-21T14:48:11.274+0000] {dag.py:3696} INFO - Setting next_dagrun for training_dag to None, run_after=None
[2023-09-21T14:48:11.290+0000] {processor.py:179} INFO - Processing /opt/airflow/dags/training_dag.py took 1.129 seconds
[2023-09-21T14:48:41.536+0000] {processor.py:157} INFO - Started process (PID=1042) to work on /opt/airflow/dags/training_dag.py
[2023-09-21T14:48:41.541+0000] {processor.py:829} INFO - Processing file /opt/airflow/dags/training_dag.py for tasks to queue
[2023-09-21T14:48:41.544+0000] {logging_mixin.py:151} INFO - [2023-09-21T14:48:41.543+0000] {dagbag.py:539} INFO - Filling up the DagBag from /opt/airflow/dags/training_dag.py
[2023-09-21T14:48:42.739+0000] {processor.py:839} INFO - DAG(s) dict_keys(['training_dag']) retrieved from /opt/airflow/dags/training_dag.py
[2023-09-21T14:48:42.808+0000] {logging_mixin.py:151} INFO - [2023-09-21T14:48:42.808+0000] {dag.py:2915} INFO - Sync 1 DAGs
[2023-09-21T14:48:42.856+0000] {logging_mixin.py:151} INFO - [2023-09-21T14:48:42.855+0000] {dag.py:3696} INFO - Setting next_dagrun for training_dag to None, run_after=None
[2023-09-21T14:48:42.882+0000] {processor.py:179} INFO - Processing /opt/airflow/dags/training_dag.py took 1.363 seconds
[2023-09-21T14:49:13.549+0000] {processor.py:157} INFO - Started process (PID=1080) to work on /opt/airflow/dags/training_dag.py
[2023-09-21T14:49:13.551+0000] {processor.py:829} INFO - Processing file /opt/airflow/dags/training_dag.py for tasks to queue
[2023-09-21T14:49:13.553+0000] {logging_mixin.py:151} INFO - [2023-09-21T14:49:13.552+0000] {dagbag.py:539} INFO - Filling up the DagBag from /opt/airflow/dags/training_dag.py
[2023-09-21T14:49:14.367+0000] {processor.py:839} INFO - DAG(s) dict_keys(['training_dag']) retrieved from /opt/airflow/dags/training_dag.py
[2023-09-21T14:49:14.391+0000] {logging_mixin.py:151} INFO - [2023-09-21T14:49:14.391+0000] {dag.py:2915} INFO - Sync 1 DAGs
[2023-09-21T14:49:14.408+0000] {logging_mixin.py:151} INFO - [2023-09-21T14:49:14.408+0000] {dag.py:3696} INFO - Setting next_dagrun for training_dag to None, run_after=None
[2023-09-21T14:49:14.424+0000] {processor.py:179} INFO - Processing /opt/airflow/dags/training_dag.py took 0.880 seconds
[2023-09-21T14:49:45.328+0000] {processor.py:157} INFO - Started process (PID=1117) to work on /opt/airflow/dags/training_dag.py
[2023-09-21T14:49:45.331+0000] {processor.py:829} INFO - Processing file /opt/airflow/dags/training_dag.py for tasks to queue
[2023-09-21T14:49:45.333+0000] {logging_mixin.py:151} INFO - [2023-09-21T14:49:45.332+0000] {dagbag.py:539} INFO - Filling up the DagBag from /opt/airflow/dags/training_dag.py
[2023-09-21T14:49:46.109+0000] {processor.py:839} INFO - DAG(s) dict_keys(['training_dag']) retrieved from /opt/airflow/dags/training_dag.py
[2023-09-21T14:49:46.130+0000] {logging_mixin.py:151} INFO - [2023-09-21T14:49:46.130+0000] {dag.py:2915} INFO - Sync 1 DAGs
[2023-09-21T14:49:46.147+0000] {logging_mixin.py:151} INFO - [2023-09-21T14:49:46.147+0000] {dag.py:3696} INFO - Setting next_dagrun for training_dag to None, run_after=None
[2023-09-21T14:49:46.162+0000] {processor.py:179} INFO - Processing /opt/airflow/dags/training_dag.py took 0.838 seconds
[2023-09-21T14:50:17.096+0000] {processor.py:157} INFO - Started process (PID=1154) to work on /opt/airflow/dags/training_dag.py
[2023-09-21T14:50:17.098+0000] {processor.py:829} INFO - Processing file /opt/airflow/dags/training_dag.py for tasks to queue
[2023-09-21T14:50:17.100+0000] {logging_mixin.py:151} INFO - [2023-09-21T14:50:17.099+0000] {dagbag.py:539} INFO - Filling up the DagBag from /opt/airflow/dags/training_dag.py
[2023-09-21T14:50:17.945+0000] {processor.py:839} INFO - DAG(s) dict_keys(['training_dag']) retrieved from /opt/airflow/dags/training_dag.py
[2023-09-21T14:50:17.967+0000] {logging_mixin.py:151} INFO - [2023-09-21T14:50:17.967+0000] {dag.py:2915} INFO - Sync 1 DAGs
[2023-09-21T14:50:17.984+0000] {logging_mixin.py:151} INFO - [2023-09-21T14:50:17.984+0000] {dag.py:3696} INFO - Setting next_dagrun for training_dag to None, run_after=None
[2023-09-21T14:50:17.997+0000] {processor.py:179} INFO - Processing /opt/airflow/dags/training_dag.py took 0.908 seconds
[2023-09-21T14:50:48.947+0000] {processor.py:157} INFO - Started process (PID=1191) to work on /opt/airflow/dags/training_dag.py
[2023-09-21T14:50:48.949+0000] {processor.py:829} INFO - Processing file /opt/airflow/dags/training_dag.py for tasks to queue
[2023-09-21T14:50:48.951+0000] {logging_mixin.py:151} INFO - [2023-09-21T14:50:48.950+0000] {dagbag.py:539} INFO - Filling up the DagBag from /opt/airflow/dags/training_dag.py
[2023-09-21T14:50:49.901+0000] {processor.py:839} INFO - DAG(s) dict_keys(['training_dag']) retrieved from /opt/airflow/dags/training_dag.py
[2023-09-21T14:50:49.941+0000] {logging_mixin.py:151} INFO - [2023-09-21T14:50:49.940+0000] {dag.py:2915} INFO - Sync 1 DAGs
[2023-09-21T14:50:49.966+0000] {logging_mixin.py:151} INFO - [2023-09-21T14:50:49.965+0000] {dag.py:3696} INFO - Setting next_dagrun for training_dag to None, run_after=None
[2023-09-21T14:50:49.983+0000] {processor.py:179} INFO - Processing /opt/airflow/dags/training_dag.py took 1.042 seconds
[2023-09-21T14:51:20.903+0000] {processor.py:157} INFO - Started process (PID=1228) to work on /opt/airflow/dags/training_dag.py
[2023-09-21T14:51:20.907+0000] {processor.py:829} INFO - Processing file /opt/airflow/dags/training_dag.py for tasks to queue
[2023-09-21T14:51:20.911+0000] {logging_mixin.py:151} INFO - [2023-09-21T14:51:20.909+0000] {dagbag.py:539} INFO - Filling up the DagBag from /opt/airflow/dags/training_dag.py
[2023-09-21T14:51:21.888+0000] {processor.py:839} INFO - DAG(s) dict_keys(['training_dag']) retrieved from /opt/airflow/dags/training_dag.py
[2023-09-21T14:51:21.914+0000] {logging_mixin.py:151} INFO - [2023-09-21T14:51:21.914+0000] {dag.py:2915} INFO - Sync 1 DAGs
[2023-09-21T14:51:21.933+0000] {logging_mixin.py:151} INFO - [2023-09-21T14:51:21.933+0000] {dag.py:3696} INFO - Setting next_dagrun for training_dag to None, run_after=None
[2023-09-21T14:51:21.947+0000] {processor.py:179} INFO - Processing /opt/airflow/dags/training_dag.py took 1.050 seconds
[2023-09-21T14:51:52.855+0000] {processor.py:157} INFO - Started process (PID=1272) to work on /opt/airflow/dags/training_dag.py
[2023-09-21T14:51:52.858+0000] {processor.py:829} INFO - Processing file /opt/airflow/dags/training_dag.py for tasks to queue
[2023-09-21T14:51:52.860+0000] {logging_mixin.py:151} INFO - [2023-09-21T14:51:52.859+0000] {dagbag.py:539} INFO - Filling up the DagBag from /opt/airflow/dags/training_dag.py
[2023-09-21T14:51:54.715+0000] {processor.py:839} INFO - DAG(s) dict_keys(['training_dag']) retrieved from /opt/airflow/dags/training_dag.py
[2023-09-21T14:51:54.757+0000] {logging_mixin.py:151} INFO - [2023-09-21T14:51:54.757+0000] {dag.py:2915} INFO - Sync 1 DAGs
[2023-09-21T14:51:54.792+0000] {logging_mixin.py:151} INFO - [2023-09-21T14:51:54.791+0000] {dag.py:3696} INFO - Setting next_dagrun for training_dag to None, run_after=None
[2023-09-21T14:51:54.817+0000] {processor.py:179} INFO - Processing /opt/airflow/dags/training_dag.py took 1.969 seconds
[2023-09-21T14:52:24.962+0000] {processor.py:157} INFO - Started process (PID=1312) to work on /opt/airflow/dags/training_dag.py
[2023-09-21T14:52:24.964+0000] {processor.py:829} INFO - Processing file /opt/airflow/dags/training_dag.py for tasks to queue
[2023-09-21T14:52:24.966+0000] {logging_mixin.py:151} INFO - [2023-09-21T14:52:24.965+0000] {dagbag.py:539} INFO - Filling up the DagBag from /opt/airflow/dags/training_dag.py
[2023-09-21T14:52:25.979+0000] {processor.py:839} INFO - DAG(s) dict_keys(['training_dag']) retrieved from /opt/airflow/dags/training_dag.py
[2023-09-21T14:52:26.003+0000] {logging_mixin.py:151} INFO - [2023-09-21T14:52:26.003+0000] {dag.py:2915} INFO - Sync 1 DAGs
[2023-09-21T14:52:26.021+0000] {logging_mixin.py:151} INFO - [2023-09-21T14:52:26.021+0000] {dag.py:3696} INFO - Setting next_dagrun for training_dag to None, run_after=None
[2023-09-21T14:52:26.036+0000] {processor.py:179} INFO - Processing /opt/airflow/dags/training_dag.py took 1.081 seconds
[2023-09-21T14:52:56.806+0000] {processor.py:157} INFO - Started process (PID=1351) to work on /opt/airflow/dags/training_dag.py
[2023-09-21T14:52:56.808+0000] {processor.py:829} INFO - Processing file /opt/airflow/dags/training_dag.py for tasks to queue
[2023-09-21T14:52:56.810+0000] {logging_mixin.py:151} INFO - [2023-09-21T14:52:56.809+0000] {dagbag.py:539} INFO - Filling up the DagBag from /opt/airflow/dags/training_dag.py
[2023-09-21T14:52:57.711+0000] {processor.py:839} INFO - DAG(s) dict_keys(['training_dag']) retrieved from /opt/airflow/dags/training_dag.py
[2023-09-21T14:52:57.734+0000] {logging_mixin.py:151} INFO - [2023-09-21T14:52:57.733+0000] {dag.py:2915} INFO - Sync 1 DAGs
[2023-09-21T14:52:57.750+0000] {logging_mixin.py:151} INFO - [2023-09-21T14:52:57.750+0000] {dag.py:3696} INFO - Setting next_dagrun for training_dag to None, run_after=None
[2023-09-21T14:52:57.763+0000] {processor.py:179} INFO - Processing /opt/airflow/dags/training_dag.py took 0.963 seconds
[2023-09-21T14:53:27.868+0000] {processor.py:157} INFO - Started process (PID=1388) to work on /opt/airflow/dags/training_dag.py
[2023-09-21T14:53:27.871+0000] {processor.py:829} INFO - Processing file /opt/airflow/dags/training_dag.py for tasks to queue
[2023-09-21T14:53:27.873+0000] {logging_mixin.py:151} INFO - [2023-09-21T14:53:27.872+0000] {dagbag.py:539} INFO - Filling up the DagBag from /opt/airflow/dags/training_dag.py
[2023-09-21T14:53:28.859+0000] {processor.py:839} INFO - DAG(s) dict_keys(['training_dag']) retrieved from /opt/airflow/dags/training_dag.py
[2023-09-21T14:53:28.890+0000] {logging_mixin.py:151} INFO - [2023-09-21T14:53:28.890+0000] {dag.py:2915} INFO - Sync 1 DAGs
[2023-09-21T14:53:28.915+0000] {logging_mixin.py:151} INFO - [2023-09-21T14:53:28.914+0000] {dag.py:3696} INFO - Setting next_dagrun for training_dag to None, run_after=None
[2023-09-21T14:53:28.930+0000] {processor.py:179} INFO - Processing /opt/airflow/dags/training_dag.py took 1.067 seconds
[2023-09-21T14:53:59.643+0000] {processor.py:157} INFO - Started process (PID=1425) to work on /opt/airflow/dags/training_dag.py
[2023-09-21T14:53:59.645+0000] {processor.py:829} INFO - Processing file /opt/airflow/dags/training_dag.py for tasks to queue
[2023-09-21T14:53:59.647+0000] {logging_mixin.py:151} INFO - [2023-09-21T14:53:59.647+0000] {dagbag.py:539} INFO - Filling up the DagBag from /opt/airflow/dags/training_dag.py
[2023-09-21T14:54:00.607+0000] {processor.py:839} INFO - DAG(s) dict_keys(['training_dag']) retrieved from /opt/airflow/dags/training_dag.py
[2023-09-21T14:54:00.632+0000] {logging_mixin.py:151} INFO - [2023-09-21T14:54:00.631+0000] {dag.py:2915} INFO - Sync 1 DAGs
[2023-09-21T14:54:00.650+0000] {logging_mixin.py:151} INFO - [2023-09-21T14:54:00.650+0000] {dag.py:3696} INFO - Setting next_dagrun for training_dag to None, run_after=None
[2023-09-21T14:54:00.663+0000] {processor.py:179} INFO - Processing /opt/airflow/dags/training_dag.py took 1.026 seconds
[2023-09-21T14:54:31.518+0000] {processor.py:157} INFO - Started process (PID=1462) to work on /opt/airflow/dags/training_dag.py
[2023-09-21T14:54:31.521+0000] {processor.py:829} INFO - Processing file /opt/airflow/dags/training_dag.py for tasks to queue
[2023-09-21T14:54:31.523+0000] {logging_mixin.py:151} INFO - [2023-09-21T14:54:31.523+0000] {dagbag.py:539} INFO - Filling up the DagBag from /opt/airflow/dags/training_dag.py
[2023-09-21T14:54:32.516+0000] {processor.py:839} INFO - DAG(s) dict_keys(['training_dag']) retrieved from /opt/airflow/dags/training_dag.py
[2023-09-21T14:54:32.543+0000] {logging_mixin.py:151} INFO - [2023-09-21T14:54:32.543+0000] {dag.py:2915} INFO - Sync 1 DAGs
[2023-09-21T14:54:32.561+0000] {logging_mixin.py:151} INFO - [2023-09-21T14:54:32.561+0000] {dag.py:3696} INFO - Setting next_dagrun for training_dag to None, run_after=None
[2023-09-21T14:54:32.574+0000] {processor.py:179} INFO - Processing /opt/airflow/dags/training_dag.py took 1.061 seconds
[2023-09-21T14:55:03.571+0000] {processor.py:157} INFO - Started process (PID=1499) to work on /opt/airflow/dags/training_dag.py
[2023-09-21T14:55:03.574+0000] {processor.py:829} INFO - Processing file /opt/airflow/dags/training_dag.py for tasks to queue
[2023-09-21T14:55:03.578+0000] {logging_mixin.py:151} INFO - [2023-09-21T14:55:03.576+0000] {dagbag.py:539} INFO - Filling up the DagBag from /opt/airflow/dags/training_dag.py
[2023-09-21T14:55:04.854+0000] {processor.py:839} INFO - DAG(s) dict_keys(['training_dag']) retrieved from /opt/airflow/dags/training_dag.py
[2023-09-21T14:55:04.913+0000] {logging_mixin.py:151} INFO - [2023-09-21T14:55:04.912+0000] {dag.py:2915} INFO - Sync 1 DAGs
[2023-09-21T14:55:04.953+0000] {logging_mixin.py:151} INFO - [2023-09-21T14:55:04.953+0000] {dag.py:3696} INFO - Setting next_dagrun for training_dag to None, run_after=None
[2023-09-21T14:55:04.995+0000] {processor.py:179} INFO - Processing /opt/airflow/dags/training_dag.py took 1.434 seconds
[2023-09-21T14:55:35.174+0000] {processor.py:157} INFO - Started process (PID=1536) to work on /opt/airflow/dags/training_dag.py
[2023-09-21T14:55:35.178+0000] {processor.py:829} INFO - Processing file /opt/airflow/dags/training_dag.py for tasks to queue
[2023-09-21T14:55:35.179+0000] {logging_mixin.py:151} INFO - [2023-09-21T14:55:35.179+0000] {dagbag.py:539} INFO - Filling up the DagBag from /opt/airflow/dags/training_dag.py
[2023-09-21T14:55:36.167+0000] {processor.py:839} INFO - DAG(s) dict_keys(['training_dag']) retrieved from /opt/airflow/dags/training_dag.py
[2023-09-21T14:55:36.202+0000] {logging_mixin.py:151} INFO - [2023-09-21T14:55:36.201+0000] {dag.py:2915} INFO - Sync 1 DAGs
[2023-09-21T14:55:36.223+0000] {logging_mixin.py:151} INFO - [2023-09-21T14:55:36.223+0000] {dag.py:3696} INFO - Setting next_dagrun for training_dag to None, run_after=None
[2023-09-21T14:55:36.238+0000] {processor.py:179} INFO - Processing /opt/airflow/dags/training_dag.py took 1.071 seconds
[2023-09-21T14:56:07.086+0000] {processor.py:157} INFO - Started process (PID=1572) to work on /opt/airflow/dags/training_dag.py
[2023-09-21T14:56:07.089+0000] {processor.py:829} INFO - Processing file /opt/airflow/dags/training_dag.py for tasks to queue
[2023-09-21T14:56:07.092+0000] {logging_mixin.py:151} INFO - [2023-09-21T14:56:07.091+0000] {dagbag.py:539} INFO - Filling up the DagBag from /opt/airflow/dags/training_dag.py
[2023-09-21T14:56:08.014+0000] {processor.py:839} INFO - DAG(s) dict_keys(['training_dag']) retrieved from /opt/airflow/dags/training_dag.py
[2023-09-21T14:56:08.038+0000] {logging_mixin.py:151} INFO - [2023-09-21T14:56:08.037+0000] {dag.py:2915} INFO - Sync 1 DAGs
[2023-09-21T14:56:08.057+0000] {logging_mixin.py:151} INFO - [2023-09-21T14:56:08.057+0000] {dag.py:3696} INFO - Setting next_dagrun for training_dag to None, run_after=None
[2023-09-21T14:56:08.072+0000] {processor.py:179} INFO - Processing /opt/airflow/dags/training_dag.py took 0.993 seconds
[2023-09-21T14:56:38.272+0000] {processor.py:157} INFO - Started process (PID=1609) to work on /opt/airflow/dags/training_dag.py
[2023-09-21T14:56:38.275+0000] {processor.py:829} INFO - Processing file /opt/airflow/dags/training_dag.py for tasks to queue
[2023-09-21T14:56:38.276+0000] {logging_mixin.py:151} INFO - [2023-09-21T14:56:38.276+0000] {dagbag.py:539} INFO - Filling up the DagBag from /opt/airflow/dags/training_dag.py
[2023-09-21T14:56:39.351+0000] {processor.py:839} INFO - DAG(s) dict_keys(['training_dag']) retrieved from /opt/airflow/dags/training_dag.py
[2023-09-21T14:56:39.386+0000] {logging_mixin.py:151} INFO - [2023-09-21T14:56:39.386+0000] {dag.py:2915} INFO - Sync 1 DAGs
[2023-09-21T14:56:39.412+0000] {logging_mixin.py:151} INFO - [2023-09-21T14:56:39.412+0000] {dag.py:3696} INFO - Setting next_dagrun for training_dag to None, run_after=None
[2023-09-21T14:56:39.430+0000] {processor.py:179} INFO - Processing /opt/airflow/dags/training_dag.py took 1.164 seconds
[2023-09-21T14:57:10.049+0000] {processor.py:157} INFO - Started process (PID=1685) to work on /opt/airflow/dags/training_dag.py
[2023-09-21T14:57:10.051+0000] {processor.py:829} INFO - Processing file /opt/airflow/dags/training_dag.py for tasks to queue
[2023-09-21T14:57:10.053+0000] {logging_mixin.py:151} INFO - [2023-09-21T14:57:10.052+0000] {dagbag.py:539} INFO - Filling up the DagBag from /opt/airflow/dags/training_dag.py
[2023-09-21T14:57:10.951+0000] {processor.py:839} INFO - DAG(s) dict_keys(['training_dag']) retrieved from /opt/airflow/dags/training_dag.py
[2023-09-21T14:57:10.973+0000] {logging_mixin.py:151} INFO - [2023-09-21T14:57:10.973+0000] {dag.py:2915} INFO - Sync 1 DAGs
[2023-09-21T14:57:10.989+0000] {logging_mixin.py:151} INFO - [2023-09-21T14:57:10.989+0000] {dag.py:3696} INFO - Setting next_dagrun for training_dag to None, run_after=None
[2023-09-21T14:57:11.001+0000] {processor.py:179} INFO - Processing /opt/airflow/dags/training_dag.py took 0.957 seconds
[2023-09-21T14:57:41.889+0000] {processor.py:157} INFO - Started process (PID=1722) to work on /opt/airflow/dags/training_dag.py
[2023-09-21T14:57:41.893+0000] {processor.py:829} INFO - Processing file /opt/airflow/dags/training_dag.py for tasks to queue
[2023-09-21T14:57:41.895+0000] {logging_mixin.py:151} INFO - [2023-09-21T14:57:41.894+0000] {dagbag.py:539} INFO - Filling up the DagBag from /opt/airflow/dags/training_dag.py
[2023-09-21T14:57:42.823+0000] {processor.py:839} INFO - DAG(s) dict_keys(['training_dag']) retrieved from /opt/airflow/dags/training_dag.py
[2023-09-21T14:57:42.847+0000] {logging_mixin.py:151} INFO - [2023-09-21T14:57:42.847+0000] {dag.py:2915} INFO - Sync 1 DAGs
[2023-09-21T14:57:42.866+0000] {logging_mixin.py:151} INFO - [2023-09-21T14:57:42.865+0000] {dag.py:3696} INFO - Setting next_dagrun for training_dag to None, run_after=None
[2023-09-21T14:57:42.881+0000] {processor.py:179} INFO - Processing /opt/airflow/dags/training_dag.py took 0.998 seconds
[2023-09-21T14:58:13.613+0000] {processor.py:157} INFO - Started process (PID=1792) to work on /opt/airflow/dags/training_dag.py
[2023-09-21T14:58:13.616+0000] {processor.py:829} INFO - Processing file /opt/airflow/dags/training_dag.py for tasks to queue
[2023-09-21T14:58:13.618+0000] {logging_mixin.py:151} INFO - [2023-09-21T14:58:13.618+0000] {dagbag.py:539} INFO - Filling up the DagBag from /opt/airflow/dags/training_dag.py
[2023-09-21T14:58:14.649+0000] {processor.py:839} INFO - DAG(s) dict_keys(['training_dag']) retrieved from /opt/airflow/dags/training_dag.py
[2023-09-21T14:58:14.678+0000] {logging_mixin.py:151} INFO - [2023-09-21T14:58:14.678+0000] {dag.py:2915} INFO - Sync 1 DAGs
[2023-09-21T14:58:14.701+0000] {logging_mixin.py:151} INFO - [2023-09-21T14:58:14.701+0000] {dag.py:3696} INFO - Setting next_dagrun for training_dag to None, run_after=None
[2023-09-21T14:58:14.717+0000] {processor.py:179} INFO - Processing /opt/airflow/dags/training_dag.py took 1.110 seconds
