[2023-09-21T12:17:47.799+0000] {taskinstance.py:1157} INFO - Dependencies all met for dep_context=non-requeueable deps ti=<TaskInstance: master_dag.trigger_scraping scheduled__2023-09-21T00:00:00+00:00 [queued]>
[2023-09-21T12:17:47.808+0000] {taskinstance.py:1157} INFO - Dependencies all met for dep_context=requeueable deps ti=<TaskInstance: master_dag.trigger_scraping scheduled__2023-09-21T00:00:00+00:00 [queued]>
[2023-09-21T12:17:47.809+0000] {taskinstance.py:1359} INFO - Starting attempt 1 of 1
[2023-09-21T12:17:47.822+0000] {taskinstance.py:1380} INFO - Executing <Task(TriggerDagRunOperator): trigger_scraping> on 2023-09-21 00:00:00+00:00
[2023-09-21T12:17:47.830+0000] {standard_task_runner.py:57} INFO - Started process 10487 to run task
[2023-09-21T12:17:47.835+0000] {standard_task_runner.py:84} INFO - Running: ['***', 'tasks', 'run', 'master_dag', 'trigger_scraping', 'scheduled__2023-09-21T00:00:00+00:00', '--job-id', '40', '--raw', '--subdir', 'DAGS_FOLDER/master_dag.py', '--cfg-path', '/tmp/tmpnfv61154']
[2023-09-21T12:17:47.839+0000] {standard_task_runner.py:85} INFO - Job 40: Subtask trigger_scraping
[2023-09-21T12:17:47.899+0000] {task_command.py:415} INFO - Running <TaskInstance: master_dag.trigger_scraping scheduled__2023-09-21T00:00:00+00:00 [running]> on host c14470e00ccc
[2023-09-21T12:17:48.004+0000] {taskinstance.py:1660} INFO - Exporting env vars: AIRFLOW_CTX_DAG_OWNER='***' AIRFLOW_CTX_DAG_ID='master_dag' AIRFLOW_CTX_TASK_ID='trigger_scraping' AIRFLOW_CTX_EXECUTION_DATE='2023-09-21T00:00:00+00:00' AIRFLOW_CTX_TRY_NUMBER='1' AIRFLOW_CTX_DAG_RUN_ID='scheduled__2023-09-21T00:00:00+00:00'
[2023-09-21T12:17:48.106+0000] {taskinstance.py:1398} INFO - Marking task as SUCCESS. dag_id=master_dag, task_id=trigger_scraping, execution_date=20230921T000000, start_date=20230921T121747, end_date=20230921T121748
[2023-09-21T12:17:48.130+0000] {local_task_job_runner.py:228} INFO - Task exited with return code 0
[2023-09-21T12:17:48.155+0000] {taskinstance.py:2776} INFO - 1 downstream tasks scheduled from follow-on schedule check
[2023-09-21T13:42:26.501+0000] {taskinstance.py:1157} INFO - Dependencies all met for dep_context=non-requeueable deps ti=<TaskInstance: master_dag.trigger_scraping scheduled__2023-09-21T00:00:00+00:00 [queued]>
[2023-09-21T13:42:26.513+0000] {taskinstance.py:1157} INFO - Dependencies all met for dep_context=requeueable deps ti=<TaskInstance: master_dag.trigger_scraping scheduled__2023-09-21T00:00:00+00:00 [queued]>
[2023-09-21T13:42:26.514+0000] {taskinstance.py:1359} INFO - Starting attempt 1 of 1
[2023-09-21T13:42:26.529+0000] {taskinstance.py:1380} INFO - Executing <Task(TriggerDagRunOperator): trigger_scraping> on 2023-09-21 00:00:00+00:00
[2023-09-21T13:42:26.539+0000] {standard_task_runner.py:57} INFO - Started process 15524 to run task
[2023-09-21T13:42:26.547+0000] {standard_task_runner.py:84} INFO - Running: ['***', 'tasks', 'run', 'master_dag', 'trigger_scraping', 'scheduled__2023-09-21T00:00:00+00:00', '--job-id', '152', '--raw', '--subdir', 'DAGS_FOLDER/master_dag.py', '--cfg-path', '/tmp/tmphdkjgi9t']
[2023-09-21T13:42:26.551+0000] {standard_task_runner.py:85} INFO - Job 152: Subtask trigger_scraping
[2023-09-21T13:42:26.633+0000] {task_command.py:415} INFO - Running <TaskInstance: master_dag.trigger_scraping scheduled__2023-09-21T00:00:00+00:00 [running]> on host c14470e00ccc
[2023-09-21T13:42:26.731+0000] {taskinstance.py:1660} INFO - Exporting env vars: AIRFLOW_CTX_DAG_OWNER='***' AIRFLOW_CTX_DAG_ID='master_dag' AIRFLOW_CTX_TASK_ID='trigger_scraping' AIRFLOW_CTX_EXECUTION_DATE='2023-09-21T00:00:00+00:00' AIRFLOW_CTX_TRY_NUMBER='1' AIRFLOW_CTX_DAG_RUN_ID='scheduled__2023-09-21T00:00:00+00:00'
[2023-09-21T13:42:26.843+0000] {taskinstance.py:1398} INFO - Marking task as SUCCESS. dag_id=master_dag, task_id=trigger_scraping, execution_date=20230921T000000, start_date=20230921T134226, end_date=20230921T134226
[2023-09-21T13:42:26.881+0000] {local_task_job_runner.py:228} INFO - Task exited with return code 0
[2023-09-21T13:42:26.908+0000] {taskinstance.py:2776} INFO - 1 downstream tasks scheduled from follow-on schedule check
