[2023-09-21T12:18:54.924+0000] {taskinstance.py:1157} INFO - Dependencies all met for dep_context=non-requeueable deps ti=<TaskInstance: scraping_dag_v2.to_csv scheduled__2023-09-18T00:00:00+00:00 [queued]>
[2023-09-21T12:18:54.935+0000] {taskinstance.py:1157} INFO - Dependencies all met for dep_context=requeueable deps ti=<TaskInstance: scraping_dag_v2.to_csv scheduled__2023-09-18T00:00:00+00:00 [queued]>
[2023-09-21T12:18:54.936+0000] {taskinstance.py:1359} INFO - Starting attempt 1 of 1
[2023-09-21T12:18:54.964+0000] {taskinstance.py:1380} INFO - Executing <Task(PythonOperator): to_csv> on 2023-09-18 00:00:00+00:00
[2023-09-21T12:18:55.016+0000] {standard_task_runner.py:57} INFO - Started process 10579 to run task
[2023-09-21T12:18:55.028+0000] {standard_task_runner.py:84} INFO - Running: ['***', 'tasks', 'run', 'scraping_dag_v2', 'to_csv', 'scheduled__2023-09-18T00:00:00+00:00', '--job-id', '49', '--raw', '--subdir', 'DAGS_FOLDER/scraping_dag.py', '--cfg-path', '/tmp/tmptae7uf77']
[2023-09-21T12:18:55.082+0000] {standard_task_runner.py:85} INFO - Job 49: Subtask to_csv
[2023-09-21T12:18:55.434+0000] {task_command.py:415} INFO - Running <TaskInstance: scraping_dag_v2.to_csv scheduled__2023-09-18T00:00:00+00:00 [running]> on host c14470e00ccc
[2023-09-21T12:18:55.696+0000] {taskinstance.py:1660} INFO - Exporting env vars: AIRFLOW_CTX_DAG_OWNER='felicien' AIRFLOW_CTX_DAG_ID='scraping_dag_v2' AIRFLOW_CTX_TASK_ID='to_csv' AIRFLOW_CTX_EXECUTION_DATE='2023-09-18T00:00:00+00:00' AIRFLOW_CTX_TRY_NUMBER='1' AIRFLOW_CTX_DAG_RUN_ID='scheduled__2023-09-18T00:00:00+00:00'
[2023-09-21T12:18:55.758+0000] {python.py:194} INFO - Done. Returned value was: None
[2023-09-21T12:18:55.784+0000] {taskinstance.py:1398} INFO - Marking task as SUCCESS. dag_id=scraping_dag_v2, task_id=to_csv, execution_date=20230918T000000, start_date=20230921T121854, end_date=20230921T121855
[2023-09-21T12:18:55.844+0000] {local_task_job_runner.py:228} INFO - Task exited with return code 0
[2023-09-21T12:18:55.891+0000] {taskinstance.py:2776} INFO - 0 downstream tasks scheduled from follow-on schedule check
[2023-09-21T13:43:16.380+0000] {taskinstance.py:1157} INFO - Dependencies all met for dep_context=non-requeueable deps ti=<TaskInstance: scraping_dag_v2.to_csv scheduled__2023-09-18T00:00:00+00:00 [queued]>
[2023-09-21T13:43:16.411+0000] {taskinstance.py:1157} INFO - Dependencies all met for dep_context=requeueable deps ti=<TaskInstance: scraping_dag_v2.to_csv scheduled__2023-09-18T00:00:00+00:00 [queued]>
[2023-09-21T13:43:16.413+0000] {taskinstance.py:1359} INFO - Starting attempt 1 of 1
[2023-09-21T13:43:16.478+0000] {taskinstance.py:1380} INFO - Executing <Task(PythonOperator): to_csv> on 2023-09-18 00:00:00+00:00
[2023-09-21T13:43:16.504+0000] {standard_task_runner.py:57} INFO - Started process 15631 to run task
[2023-09-21T13:43:16.515+0000] {standard_task_runner.py:84} INFO - Running: ['***', 'tasks', 'run', 'scraping_dag_v2', 'to_csv', 'scheduled__2023-09-18T00:00:00+00:00', '--job-id', '162', '--raw', '--subdir', 'DAGS_FOLDER/scraping_dag.py', '--cfg-path', '/tmp/tmp85tqbge2']
[2023-09-21T13:43:16.527+0000] {standard_task_runner.py:85} INFO - Job 162: Subtask to_csv
[2023-09-21T13:43:16.791+0000] {task_command.py:415} INFO - Running <TaskInstance: scraping_dag_v2.to_csv scheduled__2023-09-18T00:00:00+00:00 [running]> on host c14470e00ccc
[2023-09-21T13:43:17.068+0000] {taskinstance.py:1660} INFO - Exporting env vars: AIRFLOW_CTX_DAG_OWNER='felicien' AIRFLOW_CTX_DAG_ID='scraping_dag_v2' AIRFLOW_CTX_TASK_ID='to_csv' AIRFLOW_CTX_EXECUTION_DATE='2023-09-18T00:00:00+00:00' AIRFLOW_CTX_TRY_NUMBER='1' AIRFLOW_CTX_DAG_RUN_ID='scheduled__2023-09-18T00:00:00+00:00'
[2023-09-21T13:43:17.200+0000] {python.py:194} INFO - Done. Returned value was: None
[2023-09-21T13:43:17.247+0000] {taskinstance.py:1398} INFO - Marking task as SUCCESS. dag_id=scraping_dag_v2, task_id=to_csv, execution_date=20230918T000000, start_date=20230921T134316, end_date=20230921T134317
[2023-09-21T13:43:17.414+0000] {local_task_job_runner.py:228} INFO - Task exited with return code 0
[2023-09-21T13:43:17.582+0000] {taskinstance.py:2776} INFO - 0 downstream tasks scheduled from follow-on schedule check
