[2023-09-21T12:18:42.154+0000] {taskinstance.py:1157} INFO - Dependencies all met for dep_context=non-requeueable deps ti=<TaskInstance: scraping_dag_v2.get_ids scheduled__2023-09-18T00:00:00+00:00 [queued]>
[2023-09-21T12:18:42.162+0000] {taskinstance.py:1157} INFO - Dependencies all met for dep_context=requeueable deps ti=<TaskInstance: scraping_dag_v2.get_ids scheduled__2023-09-18T00:00:00+00:00 [queued]>
[2023-09-21T12:18:42.163+0000] {taskinstance.py:1359} INFO - Starting attempt 1 of 1
[2023-09-21T12:18:42.174+0000] {taskinstance.py:1380} INFO - Executing <Task(PythonOperator): get_ids> on 2023-09-18 00:00:00+00:00
[2023-09-21T12:18:42.181+0000] {standard_task_runner.py:57} INFO - Started process 10522 to run task
[2023-09-21T12:18:42.187+0000] {standard_task_runner.py:84} INFO - Running: ['***', 'tasks', 'run', 'scraping_dag_v2', 'get_ids', 'scheduled__2023-09-18T00:00:00+00:00', '--job-id', '42', '--raw', '--subdir', 'DAGS_FOLDER/scraping_dag.py', '--cfg-path', '/tmp/tmprnafow7s']
[2023-09-21T12:18:42.192+0000] {standard_task_runner.py:85} INFO - Job 42: Subtask get_ids
[2023-09-21T12:18:42.290+0000] {task_command.py:415} INFO - Running <TaskInstance: scraping_dag_v2.get_ids scheduled__2023-09-18T00:00:00+00:00 [running]> on host c14470e00ccc
[2023-09-21T12:18:42.421+0000] {taskinstance.py:1660} INFO - Exporting env vars: AIRFLOW_CTX_DAG_OWNER='felicien' AIRFLOW_CTX_DAG_ID='scraping_dag_v2' AIRFLOW_CTX_TASK_ID='get_ids' AIRFLOW_CTX_EXECUTION_DATE='2023-09-18T00:00:00+00:00' AIRFLOW_CTX_TRY_NUMBER='1' AIRFLOW_CTX_DAG_RUN_ID='scheduled__2023-09-18T00:00:00+00:00'
[2023-09-21T12:18:43.509+0000] {logging_mixin.py:151} INFO - Number of ids: 60
[2023-09-21T12:18:43.516+0000] {logging_mixin.py:151} INFO - Time taken to scrape ids: 1.091094s
[2023-09-21T12:18:43.517+0000] {python.py:194} INFO - Done. Returned value was: None
[2023-09-21T12:18:43.535+0000] {taskinstance.py:1398} INFO - Marking task as SUCCESS. dag_id=scraping_dag_v2, task_id=get_ids, execution_date=20230918T000000, start_date=20230921T121842, end_date=20230921T121843
[2023-09-21T12:18:43.593+0000] {local_task_job_runner.py:228} INFO - Task exited with return code 0
[2023-09-21T12:18:43.633+0000] {taskinstance.py:2776} INFO - 1 downstream tasks scheduled from follow-on schedule check
[2023-09-21T13:42:47.518+0000] {taskinstance.py:1157} INFO - Dependencies all met for dep_context=non-requeueable deps ti=<TaskInstance: scraping_dag_v2.get_ids scheduled__2023-09-18T00:00:00+00:00 [queued]>
[2023-09-21T13:42:47.528+0000] {taskinstance.py:1157} INFO - Dependencies all met for dep_context=requeueable deps ti=<TaskInstance: scraping_dag_v2.get_ids scheduled__2023-09-18T00:00:00+00:00 [queued]>
[2023-09-21T13:42:47.530+0000] {taskinstance.py:1359} INFO - Starting attempt 1 of 1
[2023-09-21T13:42:47.544+0000] {taskinstance.py:1380} INFO - Executing <Task(PythonOperator): get_ids> on 2023-09-18 00:00:00+00:00
[2023-09-21T13:42:47.553+0000] {standard_task_runner.py:57} INFO - Started process 15556 to run task
[2023-09-21T13:42:47.561+0000] {standard_task_runner.py:84} INFO - Running: ['***', 'tasks', 'run', 'scraping_dag_v2', 'get_ids', 'scheduled__2023-09-18T00:00:00+00:00', '--job-id', '156', '--raw', '--subdir', 'DAGS_FOLDER/scraping_dag.py', '--cfg-path', '/tmp/tmpgrxku2ly']
[2023-09-21T13:42:47.568+0000] {standard_task_runner.py:85} INFO - Job 156: Subtask get_ids
[2023-09-21T13:42:47.693+0000] {task_command.py:415} INFO - Running <TaskInstance: scraping_dag_v2.get_ids scheduled__2023-09-18T00:00:00+00:00 [running]> on host c14470e00ccc
[2023-09-21T13:42:47.860+0000] {taskinstance.py:1660} INFO - Exporting env vars: AIRFLOW_CTX_DAG_OWNER='felicien' AIRFLOW_CTX_DAG_ID='scraping_dag_v2' AIRFLOW_CTX_TASK_ID='get_ids' AIRFLOW_CTX_EXECUTION_DATE='2023-09-18T00:00:00+00:00' AIRFLOW_CTX_TRY_NUMBER='1' AIRFLOW_CTX_DAG_RUN_ID='scheduled__2023-09-18T00:00:00+00:00'
[2023-09-21T13:42:48.797+0000] {logging_mixin.py:151} INFO - Number of ids: 60
[2023-09-21T13:42:48.804+0000] {logging_mixin.py:151} INFO - Time taken to scrape ids: 0.939203s
[2023-09-21T13:42:48.805+0000] {python.py:194} INFO - Done. Returned value was: None
[2023-09-21T13:42:48.822+0000] {taskinstance.py:1398} INFO - Marking task as SUCCESS. dag_id=scraping_dag_v2, task_id=get_ids, execution_date=20230918T000000, start_date=20230921T134247, end_date=20230921T134248
[2023-09-21T13:42:48.864+0000] {local_task_job_runner.py:228} INFO - Task exited with return code 0
[2023-09-21T13:42:48.898+0000] {taskinstance.py:2776} INFO - 1 downstream tasks scheduled from follow-on schedule check
